d:\dev\campaign_dpcpp\hierarchial\migration\x64\debug\hierarchicalgpu.dp.obj
d:\dev\campaign_dpcpp\hierarchial\migration\x64\debug\min.dp.obj
d:\dev\campaign_dpcpp\hierarchial\migration\x64\debug\kernel.dp.obj
d:\dev\campaign_dpcpp\x64\debug\hierarchial_dpcpp.ilk
d:\dev\campaign_dpcpp\x64\debug\hierarchial_dpcpp.exe
d:\dev\campaign_dpcpp\x64\debug\hierarchial_dpcpp.pdb
d:\dev\campaign_dpcpp\hierarchial\migration\x64\debug\hierarch.973a8d57.tlog\dpcpp-cl-clang-cl-clang-offload-bundler-llvm-objcopy.22864.delete.1.tlog
d:\dev\campaign_dpcpp\hierarchial\migration\x64\debug\hierarch.973a8d57.tlog\dpcpp-cl-clang-cl-clang-offload-bundler-llvm-objcopy.22864.read.1.tlog
d:\dev\campaign_dpcpp\hierarchial\migration\x64\debug\hierarch.973a8d57.tlog\dpcpp-cl-clang-cl-clang-offload-bundler-llvm-objcopy.22864.write.1.tlog
d:\dev\campaign_dpcpp\hierarchial\migration\x64\debug\hierarch.973a8d57.tlog\dpcpp-cl-clang-cl-clang-offload-bundler-llvm-objcopy.74632.delete.1.tlog
d:\dev\campaign_dpcpp\hierarchial\migration\x64\debug\hierarch.973a8d57.tlog\dpcpp-cl-clang-cl-clang-offload-bundler-llvm-objcopy.74632.read.1.tlog
d:\dev\campaign_dpcpp\hierarchial\migration\x64\debug\hierarch.973a8d57.tlog\dpcpp-cl-clang-cl-clang-offload-bundler-llvm-objcopy.74632.write.1.tlog
d:\dev\campaign_dpcpp\hierarchial\migration\x64\debug\hierarch.973a8d57.tlog\dpcpp-cl-clang-cl-clang-offload-bundler-llvm-objcopy.76176.delete.1.tlog
d:\dev\campaign_dpcpp\hierarchial\migration\x64\debug\hierarch.973a8d57.tlog\dpcpp-cl-clang-cl-clang-offload-bundler-llvm-objcopy.76176.read.1.tlog
d:\dev\campaign_dpcpp\hierarchial\migration\x64\debug\hierarch.973a8d57.tlog\dpcpp-cl-clang-cl-clang-offload-bundler-llvm-objcopy.76176.write.1.tlog
d:\dev\campaign_dpcpp\hierarchial\migration\x64\debug\hierarch.973a8d57.tlog\dpcpp-cl-clang-cl-clang-offload-bundler-llvm-objcopy.77448.delete.1.tlog
d:\dev\campaign_dpcpp\hierarchial\migration\x64\debug\hierarch.973a8d57.tlog\dpcpp-cl-clang-cl-clang-offload-bundler-llvm-objcopy.77448.read.1.tlog
d:\dev\campaign_dpcpp\hierarchial\migration\x64\debug\hierarch.973a8d57.tlog\dpcpp-cl-clang-cl-clang-offload-bundler-llvm-objcopy.77448.write.1.tlog
d:\dev\campaign_dpcpp\hierarchial\migration\x64\debug\hierarch.973a8d57.tlog\dpcpp-cl-clang-cl-clang-offload-bundler-llvm-objcopy.79360.delete.1.tlog
d:\dev\campaign_dpcpp\hierarchial\migration\x64\debug\hierarch.973a8d57.tlog\dpcpp-cl-clang-cl-clang-offload-bundler-llvm-objcopy.79360.read.1.tlog
d:\dev\campaign_dpcpp\hierarchial\migration\x64\debug\hierarch.973a8d57.tlog\dpcpp-cl-clang-cl-clang-offload-bundler-llvm-objcopy.79360.write.1.tlog
d:\dev\campaign_dpcpp\hierarchial\migration\x64\debug\hierarch.973a8d57.tlog\dpcpp-cl-clang-cl-clang-offload-bundler-llvm-objcopy.81328.delete.1.tlog
d:\dev\campaign_dpcpp\hierarchial\migration\x64\debug\hierarch.973a8d57.tlog\dpcpp-cl-clang-cl-clang-offload-bundler-llvm-objcopy.81328.read.1.tlog
d:\dev\campaign_dpcpp\hierarchial\migration\x64\debug\hierarch.973a8d57.tlog\dpcpp-cl-clang-cl-clang-offload-bundler-llvm-objcopy.81328.write.1.tlog
d:\dev\campaign_dpcpp\hierarchial\migration\x64\debug\hierarch.973a8d57.tlog\dpcpp-cl-clang-cl-clang-offload-bundler-llvm-objcopy.delete.1.tlog
d:\dev\campaign_dpcpp\hierarchial\migration\x64\debug\hierarch.973a8d57.tlog\dpcpp-cl-clang-cl-clang-offload-bundler-llvm-objcopy.read.1.tlog
d:\dev\campaign_dpcpp\hierarchial\migration\x64\debug\hierarch.973a8d57.tlog\dpcpp-cl-clang-cl-clang-offload-bundler-llvm-objcopy.write.1.tlog
d:\dev\campaign_dpcpp\hierarchial\migration\x64\debug\hierarch.973a8d57.tlog\dpcpp-cl-clang-cl-clang-offload-bundler.19128.read.1.tlog
d:\dev\campaign_dpcpp\hierarchial\migration\x64\debug\hierarch.973a8d57.tlog\dpcpp-cl-clang-cl-clang-offload-bundler.19128.write.1.tlog
d:\dev\campaign_dpcpp\hierarchial\migration\x64\debug\hierarch.973a8d57.tlog\dpcpp-cl-clang-cl-clang-offload-bundler.28080-llvm-objcopy.64068.delete.1.tlog
d:\dev\campaign_dpcpp\hierarchial\migration\x64\debug\hierarch.973a8d57.tlog\dpcpp-cl-clang-cl-clang-offload-bundler.28080-llvm-objcopy.64068.read.1.tlog
d:\dev\campaign_dpcpp\hierarchial\migration\x64\debug\hierarch.973a8d57.tlog\dpcpp-cl-clang-cl-clang-offload-bundler.28080-llvm-objcopy.64068.write.1.tlog
d:\dev\campaign_dpcpp\hierarchial\migration\x64\debug\hierarch.973a8d57.tlog\dpcpp-cl-clang-cl-clang-offload-bundler.28080-llvm-objcopy.delete.1.tlog
d:\dev\campaign_dpcpp\hierarchial\migration\x64\debug\hierarch.973a8d57.tlog\dpcpp-cl-clang-cl-clang-offload-bundler.28080-llvm-objcopy.read.1.tlog
d:\dev\campaign_dpcpp\hierarchial\migration\x64\debug\hierarch.973a8d57.tlog\dpcpp-cl-clang-cl-clang-offload-bundler.28080-llvm-objcopy.write.1.tlog
d:\dev\campaign_dpcpp\hierarchial\migration\x64\debug\hierarch.973a8d57.tlog\dpcpp-cl-clang-cl-clang-offload-bundler.28080.read.1.tlog
d:\dev\campaign_dpcpp\hierarchial\migration\x64\debug\hierarch.973a8d57.tlog\dpcpp-cl-clang-cl-clang-offload-bundler.28080.write.1.tlog
d:\dev\campaign_dpcpp\hierarchial\migration\x64\debug\hierarch.973a8d57.tlog\dpcpp-cl-clang-cl-clang-offload-bundler.4608-llvm-objcopy.80180.delete.1.tlog
d:\dev\campaign_dpcpp\hierarchial\migration\x64\debug\hierarch.973a8d57.tlog\dpcpp-cl-clang-cl-clang-offload-bundler.4608-llvm-objcopy.80180.read.1.tlog
d:\dev\campaign_dpcpp\hierarchial\migration\x64\debug\hierarch.973a8d57.tlog\dpcpp-cl-clang-cl-clang-offload-bundler.4608-llvm-objcopy.80180.write.1.tlog
d:\dev\campaign_dpcpp\hierarchial\migration\x64\debug\hierarch.973a8d57.tlog\dpcpp-cl-clang-cl-clang-offload-bundler.4608-llvm-objcopy.delete.1.tlog
d:\dev\campaign_dpcpp\hierarchial\migration\x64\debug\hierarch.973a8d57.tlog\dpcpp-cl-clang-cl-clang-offload-bundler.4608-llvm-objcopy.read.1.tlog
d:\dev\campaign_dpcpp\hierarchial\migration\x64\debug\hierarch.973a8d57.tlog\dpcpp-cl-clang-cl-clang-offload-bundler.4608-llvm-objcopy.write.1.tlog
d:\dev\campaign_dpcpp\hierarchial\migration\x64\debug\hierarch.973a8d57.tlog\dpcpp-cl-clang-cl-clang-offload-bundler.4608.read.1.tlog
d:\dev\campaign_dpcpp\hierarchial\migration\x64\debug\hierarch.973a8d57.tlog\dpcpp-cl-clang-cl-clang-offload-bundler.4608.write.1.tlog
d:\dev\campaign_dpcpp\hierarchial\migration\x64\debug\hierarch.973a8d57.tlog\dpcpp-cl-clang-cl-clang-offload-bundler.51068.read.1.tlog
d:\dev\campaign_dpcpp\hierarchial\migration\x64\debug\hierarch.973a8d57.tlog\dpcpp-cl-clang-cl-clang-offload-bundler.51068.write.1.tlog
d:\dev\campaign_dpcpp\hierarchial\migration\x64\debug\hierarch.973a8d57.tlog\dpcpp-cl-clang-cl-clang-offload-bundler.60996-llvm-objcopy.63268.delete.1.tlog
d:\dev\campaign_dpcpp\hierarchial\migration\x64\debug\hierarch.973a8d57.tlog\dpcpp-cl-clang-cl-clang-offload-bundler.60996-llvm-objcopy.63268.read.1.tlog
d:\dev\campaign_dpcpp\hierarchial\migration\x64\debug\hierarch.973a8d57.tlog\dpcpp-cl-clang-cl-clang-offload-bundler.60996-llvm-objcopy.63268.write.1.tlog
d:\dev\campaign_dpcpp\hierarchial\migration\x64\debug\hierarch.973a8d57.tlog\dpcpp-cl-clang-cl-clang-offload-bundler.60996-llvm-objcopy.delete.1.tlog
d:\dev\campaign_dpcpp\hierarchial\migration\x64\debug\hierarch.973a8d57.tlog\dpcpp-cl-clang-cl-clang-offload-bundler.60996-llvm-objcopy.read.1.tlog
d:\dev\campaign_dpcpp\hierarchial\migration\x64\debug\hierarch.973a8d57.tlog\dpcpp-cl-clang-cl-clang-offload-bundler.60996-llvm-objcopy.write.1.tlog
d:\dev\campaign_dpcpp\hierarchial\migration\x64\debug\hierarch.973a8d57.tlog\dpcpp-cl-clang-cl-clang-offload-bundler.60996.read.1.tlog
d:\dev\campaign_dpcpp\hierarchial\migration\x64\debug\hierarch.973a8d57.tlog\dpcpp-cl-clang-cl-clang-offload-bundler.60996.write.1.tlog
d:\dev\campaign_dpcpp\hierarchial\migration\x64\debug\hierarch.973a8d57.tlog\dpcpp-cl-clang-cl-clang-offload-bundler.68792.read.1.tlog
d:\dev\campaign_dpcpp\hierarchial\migration\x64\debug\hierarch.973a8d57.tlog\dpcpp-cl-clang-cl-clang-offload-bundler.68792.write.1.tlog
d:\dev\campaign_dpcpp\hierarchial\migration\x64\debug\hierarch.973a8d57.tlog\dpcpp-cl-clang-cl-clang-offload-bundler.74964.read.1.tlog
d:\dev\campaign_dpcpp\hierarchial\migration\x64\debug\hierarch.973a8d57.tlog\dpcpp-cl-clang-cl-clang-offload-bundler.74964.write.1.tlog
d:\dev\campaign_dpcpp\hierarchial\migration\x64\debug\hierarch.973a8d57.tlog\dpcpp-cl-clang-cl-clang-offload-bundler.75156.read.1.tlog
d:\dev\campaign_dpcpp\hierarchial\migration\x64\debug\hierarch.973a8d57.tlog\dpcpp-cl-clang-cl-clang-offload-bundler.75156.write.1.tlog
d:\dev\campaign_dpcpp\hierarchial\migration\x64\debug\hierarch.973a8d57.tlog\dpcpp-cl-clang-cl-clang-offload-bundler.75188.read.1.tlog
d:\dev\campaign_dpcpp\hierarchial\migration\x64\debug\hierarch.973a8d57.tlog\dpcpp-cl-clang-cl-clang-offload-bundler.75188.write.1.tlog
d:\dev\campaign_dpcpp\hierarchial\migration\x64\debug\hierarch.973a8d57.tlog\dpcpp-cl-clang-cl-clang-offload-bundler.76952.read.1.tlog
d:\dev\campaign_dpcpp\hierarchial\migration\x64\debug\hierarch.973a8d57.tlog\dpcpp-cl-clang-cl-clang-offload-bundler.76952.write.1.tlog
d:\dev\campaign_dpcpp\hierarchial\migration\x64\debug\hierarch.973a8d57.tlog\dpcpp-cl-clang-cl-clang-offload-bundler.77868.read.1.tlog
d:\dev\campaign_dpcpp\hierarchial\migration\x64\debug\hierarch.973a8d57.tlog\dpcpp-cl-clang-cl-clang-offload-bundler.77868.write.1.tlog
d:\dev\campaign_dpcpp\hierarchial\migration\x64\debug\hierarch.973a8d57.tlog\dpcpp-cl-clang-cl-clang-offload-bundler.79216.read.1.tlog
d:\dev\campaign_dpcpp\hierarchial\migration\x64\debug\hierarch.973a8d57.tlog\dpcpp-cl-clang-cl-clang-offload-bundler.79216.write.1.tlog
d:\dev\campaign_dpcpp\hierarchial\migration\x64\debug\hierarch.973a8d57.tlog\dpcpp-cl-clang-cl-clang-offload-bundler.80100.read.1.tlog
d:\dev\campaign_dpcpp\hierarchial\migration\x64\debug\hierarch.973a8d57.tlog\dpcpp-cl-clang-cl-clang-offload-bundler.80100.write.1.tlog
d:\dev\campaign_dpcpp\hierarchial\migration\x64\debug\hierarch.973a8d57.tlog\dpcpp-cl-clang-cl-clang-offload-bundler.81148.read.1.tlog
d:\dev\campaign_dpcpp\hierarchial\migration\x64\debug\hierarch.973a8d57.tlog\dpcpp-cl-clang-cl-clang-offload-bundler.81148.write.1.tlog
d:\dev\campaign_dpcpp\hierarchial\migration\x64\debug\hierarch.973a8d57.tlog\dpcpp-cl-clang-cl-clang-offload-bundler.81592-llvm-objcopy.81528.delete.1.tlog
d:\dev\campaign_dpcpp\hierarchial\migration\x64\debug\hierarch.973a8d57.tlog\dpcpp-cl-clang-cl-clang-offload-bundler.81592-llvm-objcopy.81528.read.1.tlog
d:\dev\campaign_dpcpp\hierarchial\migration\x64\debug\hierarch.973a8d57.tlog\dpcpp-cl-clang-cl-clang-offload-bundler.81592-llvm-objcopy.81528.write.1.tlog
d:\dev\campaign_dpcpp\hierarchial\migration\x64\debug\hierarch.973a8d57.tlog\dpcpp-cl-clang-cl-clang-offload-bundler.81592-llvm-objcopy.delete.1.tlog
d:\dev\campaign_dpcpp\hierarchial\migration\x64\debug\hierarch.973a8d57.tlog\dpcpp-cl-clang-cl-clang-offload-bundler.81592-llvm-objcopy.read.1.tlog
d:\dev\campaign_dpcpp\hierarchial\migration\x64\debug\hierarch.973a8d57.tlog\dpcpp-cl-clang-cl-clang-offload-bundler.81592-llvm-objcopy.write.1.tlog
d:\dev\campaign_dpcpp\hierarchial\migration\x64\debug\hierarch.973a8d57.tlog\dpcpp-cl-clang-cl-clang-offload-bundler.81592.read.1.tlog
d:\dev\campaign_dpcpp\hierarchial\migration\x64\debug\hierarch.973a8d57.tlog\dpcpp-cl-clang-cl-clang-offload-bundler.81592.write.1.tlog
d:\dev\campaign_dpcpp\hierarchial\migration\x64\debug\hierarch.973a8d57.tlog\dpcpp-cl-clang-cl-clang-offload-bundler.81688.read.1.tlog
d:\dev\campaign_dpcpp\hierarchial\migration\x64\debug\hierarch.973a8d57.tlog\dpcpp-cl-clang-cl-clang-offload-bundler.81688.write.1.tlog
d:\dev\campaign_dpcpp\hierarchial\migration\x64\debug\hierarch.973a8d57.tlog\dpcpp-cl-clang-cl-clang-offload-bundler.read.1.tlog
d:\dev\campaign_dpcpp\hierarchial\migration\x64\debug\hierarch.973a8d57.tlog\dpcpp-cl-clang-cl-clang-offload-bundler.write.1.tlog
d:\dev\campaign_dpcpp\hierarchial\migration\x64\debug\hierarch.973a8d57.tlog\dpcpp-cl-clang-cl-clang-offload-wrapper.read.1.tlog
d:\dev\campaign_dpcpp\hierarchial\migration\x64\debug\hierarch.973a8d57.tlog\dpcpp-cl-clang-cl-clang-offload-wrapper.write.1.tlog
d:\dev\campaign_dpcpp\hierarchial\migration\x64\debug\hierarch.973a8d57.tlog\dpcpp-cl-clang-cl-file-table-tform.64636.read.1.tlog
d:\dev\campaign_dpcpp\hierarchial\migration\x64\debug\hierarch.973a8d57.tlog\dpcpp-cl-clang-cl-file-table-tform.64636.write.1.tlog
d:\dev\campaign_dpcpp\hierarchial\migration\x64\debug\hierarch.973a8d57.tlog\dpcpp-cl-clang-cl-file-table-tform.65000.read.1.tlog
d:\dev\campaign_dpcpp\hierarchial\migration\x64\debug\hierarch.973a8d57.tlog\dpcpp-cl-clang-cl-file-table-tform.65000.write.1.tlog
d:\dev\campaign_dpcpp\hierarchial\migration\x64\debug\hierarch.973a8d57.tlog\dpcpp-cl-clang-cl-file-table-tform.72268.read.1.tlog
d:\dev\campaign_dpcpp\hierarchial\migration\x64\debug\hierarch.973a8d57.tlog\dpcpp-cl-clang-cl-file-table-tform.72268.write.1.tlog
d:\dev\campaign_dpcpp\hierarchial\migration\x64\debug\hierarch.973a8d57.tlog\dpcpp-cl-clang-cl-file-table-tform.79696.read.1.tlog
d:\dev\campaign_dpcpp\hierarchial\migration\x64\debug\hierarch.973a8d57.tlog\dpcpp-cl-clang-cl-file-table-tform.79696.write.1.tlog
d:\dev\campaign_dpcpp\hierarchial\migration\x64\debug\hierarch.973a8d57.tlog\dpcpp-cl-clang-cl-file-table-tform.80524.read.1.tlog
d:\dev\campaign_dpcpp\hierarchial\migration\x64\debug\hierarch.973a8d57.tlog\dpcpp-cl-clang-cl-file-table-tform.80524.write.1.tlog
d:\dev\campaign_dpcpp\hierarchial\migration\x64\debug\hierarch.973a8d57.tlog\dpcpp-cl-clang-cl-file-table-tform.81760.read.1.tlog
d:\dev\campaign_dpcpp\hierarchial\migration\x64\debug\hierarch.973a8d57.tlog\dpcpp-cl-clang-cl-file-table-tform.81760.write.1.tlog
d:\dev\campaign_dpcpp\hierarchial\migration\x64\debug\hierarch.973a8d57.tlog\dpcpp-cl-clang-cl-file-table-tform.read.1.tlog
d:\dev\campaign_dpcpp\hierarchial\migration\x64\debug\hierarch.973a8d57.tlog\dpcpp-cl-clang-cl-file-table-tform.write.1.tlog
d:\dev\campaign_dpcpp\hierarchial\migration\x64\debug\hierarch.973a8d57.tlog\dpcpp-cl-clang-cl-link.20540.read.1.tlog
d:\dev\campaign_dpcpp\hierarchial\migration\x64\debug\hierarch.973a8d57.tlog\dpcpp-cl-clang-cl-link.20540.read.2.tlog
d:\dev\campaign_dpcpp\hierarchial\migration\x64\debug\hierarch.973a8d57.tlog\dpcpp-cl-clang-cl-link.20540.write.1.tlog
d:\dev\campaign_dpcpp\hierarchial\migration\x64\debug\hierarch.973a8d57.tlog\dpcpp-cl-clang-cl-link.71780.read.1.tlog
d:\dev\campaign_dpcpp\hierarchial\migration\x64\debug\hierarch.973a8d57.tlog\dpcpp-cl-clang-cl-link.71780.read.2.tlog
d:\dev\campaign_dpcpp\hierarchial\migration\x64\debug\hierarch.973a8d57.tlog\dpcpp-cl-clang-cl-link.71780.write.1.tlog
d:\dev\campaign_dpcpp\hierarchial\migration\x64\debug\hierarch.973a8d57.tlog\dpcpp-cl-clang-cl-link.76828.read.1.tlog
d:\dev\campaign_dpcpp\hierarchial\migration\x64\debug\hierarch.973a8d57.tlog\dpcpp-cl-clang-cl-link.76828.read.2.tlog
d:\dev\campaign_dpcpp\hierarchial\migration\x64\debug\hierarch.973a8d57.tlog\dpcpp-cl-clang-cl-link.76828.write.1.tlog
d:\dev\campaign_dpcpp\hierarchial\migration\x64\debug\hierarch.973a8d57.tlog\dpcpp-cl-clang-cl-link.79964.read.1.tlog
d:\dev\campaign_dpcpp\hierarchial\migration\x64\debug\hierarch.973a8d57.tlog\dpcpp-cl-clang-cl-link.79964.read.2.tlog
d:\dev\campaign_dpcpp\hierarchial\migration\x64\debug\hierarch.973a8d57.tlog\dpcpp-cl-clang-cl-link.79964.write.1.tlog
d:\dev\campaign_dpcpp\hierarchial\migration\x64\debug\hierarch.973a8d57.tlog\dpcpp-cl-clang-cl-link.81124.read.1.tlog
d:\dev\campaign_dpcpp\hierarchial\migration\x64\debug\hierarch.973a8d57.tlog\dpcpp-cl-clang-cl-link.81124.read.2.tlog
d:\dev\campaign_dpcpp\hierarchial\migration\x64\debug\hierarch.973a8d57.tlog\dpcpp-cl-clang-cl-link.81124.write.1.tlog
d:\dev\campaign_dpcpp\hierarchial\migration\x64\debug\hierarch.973a8d57.tlog\dpcpp-cl-clang-cl-link.read.1.tlog
d:\dev\campaign_dpcpp\hierarchial\migration\x64\debug\hierarch.973a8d57.tlog\dpcpp-cl-clang-cl-link.read.2.tlog
d:\dev\campaign_dpcpp\hierarchial\migration\x64\debug\hierarch.973a8d57.tlog\dpcpp-cl-clang-cl-link.write.1.tlog
d:\dev\campaign_dpcpp\hierarchial\migration\x64\debug\hierarch.973a8d57.tlog\dpcpp-cl-clang-cl-llc.read.1.tlog
d:\dev\campaign_dpcpp\hierarchial\migration\x64\debug\hierarch.973a8d57.tlog\dpcpp-cl-clang-cl-llc.write.1.tlog
d:\dev\campaign_dpcpp\hierarchial\migration\x64\debug\hierarch.973a8d57.tlog\dpcpp-cl-clang-cl-llvm-foreach-llvm-spirv.read.1.tlog
d:\dev\campaign_dpcpp\hierarchial\migration\x64\debug\hierarch.973a8d57.tlog\dpcpp-cl-clang-cl-llvm-foreach-llvm-spirv.write.1.tlog
d:\dev\campaign_dpcpp\hierarchial\migration\x64\debug\hierarch.973a8d57.tlog\dpcpp-cl-clang-cl-llvm-foreach.read.1.tlog
d:\dev\campaign_dpcpp\hierarchial\migration\x64\debug\hierarch.973a8d57.tlog\dpcpp-cl-clang-cl-llvm-foreach.write.1.tlog
d:\dev\campaign_dpcpp\hierarchial\migration\x64\debug\hierarch.973a8d57.tlog\dpcpp-cl-clang-cl-llvm-link.read.1.tlog
d:\dev\campaign_dpcpp\hierarchial\migration\x64\debug\hierarch.973a8d57.tlog\dpcpp-cl-clang-cl-llvm-link.write.1.tlog
d:\dev\campaign_dpcpp\hierarchial\migration\x64\debug\hierarch.973a8d57.tlog\dpcpp-cl-clang-cl-sycl-post-link.read.1.tlog
d:\dev\campaign_dpcpp\hierarchial\migration\x64\debug\hierarch.973a8d57.tlog\dpcpp-cl-clang-cl-sycl-post-link.write.1.tlog
d:\dev\campaign_dpcpp\hierarchial\migration\x64\debug\hierarch.973a8d57.tlog\dpcpp-cl-clang-cl.20980.delete.1.tlog
d:\dev\campaign_dpcpp\hierarchial\migration\x64\debug\hierarch.973a8d57.tlog\dpcpp-cl-clang-cl.20980.read.1.tlog
d:\dev\campaign_dpcpp\hierarchial\migration\x64\debug\hierarch.973a8d57.tlog\dpcpp-cl-clang-cl.20980.write.1.tlog
d:\dev\campaign_dpcpp\hierarchial\migration\x64\debug\hierarch.973a8d57.tlog\dpcpp-cl-clang-cl.2392.delete.1.tlog
d:\dev\campaign_dpcpp\hierarchial\migration\x64\debug\hierarch.973a8d57.tlog\dpcpp-cl-clang-cl.2392.read.1.tlog
d:\dev\campaign_dpcpp\hierarchial\migration\x64\debug\hierarch.973a8d57.tlog\dpcpp-cl-clang-cl.2392.write.1.tlog
d:\dev\campaign_dpcpp\hierarchial\migration\x64\debug\hierarch.973a8d57.tlog\dpcpp-cl-clang-cl.55868.read.1.tlog
d:\dev\campaign_dpcpp\hierarchial\migration\x64\debug\hierarch.973a8d57.tlog\dpcpp-cl-clang-cl.55868.write.1.tlog
d:\dev\campaign_dpcpp\hierarchial\migration\x64\debug\hierarch.973a8d57.tlog\dpcpp-cl-clang-cl.59560.delete.1.tlog
d:\dev\campaign_dpcpp\hierarchial\migration\x64\debug\hierarch.973a8d57.tlog\dpcpp-cl-clang-cl.59560.read.1.tlog
d:\dev\campaign_dpcpp\hierarchial\migration\x64\debug\hierarch.973a8d57.tlog\dpcpp-cl-clang-cl.59560.write.1.tlog
d:\dev\campaign_dpcpp\hierarchial\migration\x64\debug\hierarch.973a8d57.tlog\dpcpp-cl-clang-cl.60036.delete.1.tlog
d:\dev\campaign_dpcpp\hierarchial\migration\x64\debug\hierarch.973a8d57.tlog\dpcpp-cl-clang-cl.60036.read.1.tlog
d:\dev\campaign_dpcpp\hierarchial\migration\x64\debug\hierarch.973a8d57.tlog\dpcpp-cl-clang-cl.60036.write.1.tlog
d:\dev\campaign_dpcpp\hierarchial\migration\x64\debug\hierarch.973a8d57.tlog\dpcpp-cl-clang-cl.60988.read.1.tlog
d:\dev\campaign_dpcpp\hierarchial\migration\x64\debug\hierarch.973a8d57.tlog\dpcpp-cl-clang-cl.60988.write.1.tlog
d:\dev\campaign_dpcpp\hierarchial\migration\x64\debug\hierarch.973a8d57.tlog\dpcpp-cl-clang-cl.64020.delete.1.tlog
d:\dev\campaign_dpcpp\hierarchial\migration\x64\debug\hierarch.973a8d57.tlog\dpcpp-cl-clang-cl.64020.read.1.tlog
d:\dev\campaign_dpcpp\hierarchial\migration\x64\debug\hierarch.973a8d57.tlog\dpcpp-cl-clang-cl.64020.write.1.tlog
d:\dev\campaign_dpcpp\hierarchial\migration\x64\debug\hierarch.973a8d57.tlog\dpcpp-cl-clang-cl.65408.delete.1.tlog
d:\dev\campaign_dpcpp\hierarchial\migration\x64\debug\hierarch.973a8d57.tlog\dpcpp-cl-clang-cl.65408.read.1.tlog
d:\dev\campaign_dpcpp\hierarchial\migration\x64\debug\hierarch.973a8d57.tlog\dpcpp-cl-clang-cl.65408.write.1.tlog
d:\dev\campaign_dpcpp\hierarchial\migration\x64\debug\hierarch.973a8d57.tlog\dpcpp-cl-clang-cl.66676.delete.1.tlog
d:\dev\campaign_dpcpp\hierarchial\migration\x64\debug\hierarch.973a8d57.tlog\dpcpp-cl-clang-cl.66676.read.1.tlog
d:\dev\campaign_dpcpp\hierarchial\migration\x64\debug\hierarch.973a8d57.tlog\dpcpp-cl-clang-cl.66676.write.1.tlog
d:\dev\campaign_dpcpp\hierarchial\migration\x64\debug\hierarch.973a8d57.tlog\dpcpp-cl-clang-cl.67296.delete.1.tlog
d:\dev\campaign_dpcpp\hierarchial\migration\x64\debug\hierarch.973a8d57.tlog\dpcpp-cl-clang-cl.67296.read.1.tlog
d:\dev\campaign_dpcpp\hierarchial\migration\x64\debug\hierarch.973a8d57.tlog\dpcpp-cl-clang-cl.67296.write.1.tlog
d:\dev\campaign_dpcpp\hierarchial\migration\x64\debug\hierarch.973a8d57.tlog\dpcpp-cl-clang-cl.68372.read.1.tlog
d:\dev\campaign_dpcpp\hierarchial\migration\x64\debug\hierarch.973a8d57.tlog\dpcpp-cl-clang-cl.68612.delete.1.tlog
d:\dev\campaign_dpcpp\hierarchial\migration\x64\debug\hierarch.973a8d57.tlog\dpcpp-cl-clang-cl.68612.read.1.tlog
d:\dev\campaign_dpcpp\hierarchial\migration\x64\debug\hierarch.973a8d57.tlog\dpcpp-cl-clang-cl.68612.write.1.tlog
d:\dev\campaign_dpcpp\hierarchial\migration\x64\debug\hierarch.973a8d57.tlog\dpcpp-cl-clang-cl.69544.delete.1.tlog
d:\dev\campaign_dpcpp\hierarchial\migration\x64\debug\hierarch.973a8d57.tlog\dpcpp-cl-clang-cl.69544.read.1.tlog
d:\dev\campaign_dpcpp\hierarchial\migration\x64\debug\hierarch.973a8d57.tlog\dpcpp-cl-clang-cl.69544.write.1.tlog
d:\dev\campaign_dpcpp\hierarchial\migration\x64\debug\hierarch.973a8d57.tlog\dpcpp-cl-clang-cl.70860.read.1.tlog
d:\dev\campaign_dpcpp\hierarchial\migration\x64\debug\hierarch.973a8d57.tlog\dpcpp-cl-clang-cl.70860.write.1.tlog
d:\dev\campaign_dpcpp\hierarchial\migration\x64\debug\hierarch.973a8d57.tlog\dpcpp-cl-clang-cl.71208.delete.1.tlog
d:\dev\campaign_dpcpp\hierarchial\migration\x64\debug\hierarch.973a8d57.tlog\dpcpp-cl-clang-cl.71208.read.1.tlog
d:\dev\campaign_dpcpp\hierarchial\migration\x64\debug\hierarch.973a8d57.tlog\dpcpp-cl-clang-cl.71208.write.1.tlog
d:\dev\campaign_dpcpp\hierarchial\migration\x64\debug\hierarch.973a8d57.tlog\dpcpp-cl-clang-cl.75020.delete.1.tlog
d:\dev\campaign_dpcpp\hierarchial\migration\x64\debug\hierarch.973a8d57.tlog\dpcpp-cl-clang-cl.75020.read.1.tlog
d:\dev\campaign_dpcpp\hierarchial\migration\x64\debug\hierarch.973a8d57.tlog\dpcpp-cl-clang-cl.75020.write.1.tlog
d:\dev\campaign_dpcpp\hierarchial\migration\x64\debug\hierarch.973a8d57.tlog\dpcpp-cl-clang-cl.76304.delete.1.tlog
d:\dev\campaign_dpcpp\hierarchial\migration\x64\debug\hierarch.973a8d57.tlog\dpcpp-cl-clang-cl.76304.read.1.tlog
d:\dev\campaign_dpcpp\hierarchial\migration\x64\debug\hierarch.973a8d57.tlog\dpcpp-cl-clang-cl.76304.write.1.tlog
d:\dev\campaign_dpcpp\hierarchial\migration\x64\debug\hierarch.973a8d57.tlog\dpcpp-cl-clang-cl.76460.delete.1.tlog
d:\dev\campaign_dpcpp\hierarchial\migration\x64\debug\hierarch.973a8d57.tlog\dpcpp-cl-clang-cl.76460.read.1.tlog
d:\dev\campaign_dpcpp\hierarchial\migration\x64\debug\hierarch.973a8d57.tlog\dpcpp-cl-clang-cl.76460.write.1.tlog
d:\dev\campaign_dpcpp\hierarchial\migration\x64\debug\hierarch.973a8d57.tlog\dpcpp-cl-clang-cl.77708.delete.1.tlog
d:\dev\campaign_dpcpp\hierarchial\migration\x64\debug\hierarch.973a8d57.tlog\dpcpp-cl-clang-cl.77708.read.1.tlog
d:\dev\campaign_dpcpp\hierarchial\migration\x64\debug\hierarch.973a8d57.tlog\dpcpp-cl-clang-cl.77708.write.1.tlog
d:\dev\campaign_dpcpp\hierarchial\migration\x64\debug\hierarch.973a8d57.tlog\dpcpp-cl-clang-cl.78292.delete.1.tlog
d:\dev\campaign_dpcpp\hierarchial\migration\x64\debug\hierarch.973a8d57.tlog\dpcpp-cl-clang-cl.78292.read.1.tlog
d:\dev\campaign_dpcpp\hierarchial\migration\x64\debug\hierarch.973a8d57.tlog\dpcpp-cl-clang-cl.78292.write.1.tlog
d:\dev\campaign_dpcpp\hierarchial\migration\x64\debug\hierarch.973a8d57.tlog\dpcpp-cl-clang-cl.78356.read.1.tlog
d:\dev\campaign_dpcpp\hierarchial\migration\x64\debug\hierarch.973a8d57.tlog\dpcpp-cl-clang-cl.78668.delete.1.tlog
d:\dev\campaign_dpcpp\hierarchial\migration\x64\debug\hierarch.973a8d57.tlog\dpcpp-cl-clang-cl.78668.read.1.tlog
d:\dev\campaign_dpcpp\hierarchial\migration\x64\debug\hierarch.973a8d57.tlog\dpcpp-cl-clang-cl.78668.write.1.tlog
d:\dev\campaign_dpcpp\hierarchial\migration\x64\debug\hierarch.973a8d57.tlog\dpcpp-cl-clang-cl.78856.read.1.tlog
d:\dev\campaign_dpcpp\hierarchial\migration\x64\debug\hierarch.973a8d57.tlog\dpcpp-cl-clang-cl.79260.delete.1.tlog
d:\dev\campaign_dpcpp\hierarchial\migration\x64\debug\hierarch.973a8d57.tlog\dpcpp-cl-clang-cl.79260.read.1.tlog
d:\dev\campaign_dpcpp\hierarchial\migration\x64\debug\hierarch.973a8d57.tlog\dpcpp-cl-clang-cl.79260.write.1.tlog
d:\dev\campaign_dpcpp\hierarchial\migration\x64\debug\hierarch.973a8d57.tlog\dpcpp-cl-clang-cl.79344.delete.1.tlog
d:\dev\campaign_dpcpp\hierarchial\migration\x64\debug\hierarch.973a8d57.tlog\dpcpp-cl-clang-cl.79344.read.1.tlog
d:\dev\campaign_dpcpp\hierarchial\migration\x64\debug\hierarch.973a8d57.tlog\dpcpp-cl-clang-cl.79344.write.1.tlog
d:\dev\campaign_dpcpp\hierarchial\migration\x64\debug\hierarch.973a8d57.tlog\dpcpp-cl-clang-cl.80572.read.1.tlog
d:\dev\campaign_dpcpp\hierarchial\migration\x64\debug\hierarch.973a8d57.tlog\dpcpp-cl-clang-cl.80572.write.1.tlog
d:\dev\campaign_dpcpp\hierarchial\migration\x64\debug\hierarch.973a8d57.tlog\dpcpp-cl-clang-cl.80808.read.1.tlog
d:\dev\campaign_dpcpp\hierarchial\migration\x64\debug\hierarch.973a8d57.tlog\dpcpp-cl-clang-cl.81760.delete.1.tlog
d:\dev\campaign_dpcpp\hierarchial\migration\x64\debug\hierarch.973a8d57.tlog\dpcpp-cl-clang-cl.81760.read.1.tlog
d:\dev\campaign_dpcpp\hierarchial\migration\x64\debug\hierarch.973a8d57.tlog\dpcpp-cl-clang-cl.81760.write.1.tlog
d:\dev\campaign_dpcpp\hierarchial\migration\x64\debug\hierarch.973a8d57.tlog\dpcpp-cl-clang-cl.81896.read.1.tlog
d:\dev\campaign_dpcpp\hierarchial\migration\x64\debug\hierarch.973a8d57.tlog\dpcpp-cl-clang-cl.8516.read.1.tlog
d:\dev\campaign_dpcpp\hierarchial\migration\x64\debug\hierarch.973a8d57.tlog\dpcpp-cl-clang-cl.read.1.tlog
d:\dev\campaign_dpcpp\hierarchial\migration\x64\debug\hierarch.973a8d57.tlog\dpcpp-cl-clang-cl.write.1.tlog
d:\dev\campaign_dpcpp\hierarchial\migration\x64\debug\hierarch.973a8d57.tlog\dpcpp-cl.read.1.tlog
d:\dev\campaign_dpcpp\hierarchial\migration\x64\debug\hierarch.973a8d57.tlog\dpcpp.command.1.tlog
d:\dev\campaign_dpcpp\hierarchial\migration\x64\debug\hierarch.973a8d57.tlog\dpcpplink.command.1.tlog
