C:\Program Files (x86)\inteloneapi\dpcpp-ct\2021.1-beta06\bin\dpct.exe  --in-root="D:\dev\campaign_dpcpp\utils_cuda" --vcxprojfile="D:\dev\campaign_dpcpp\utils_cuda\utils_cuda.vcxproj" --out-root="D:\dev\campaign_dpcpp\utils_cuda\migration"
D:\dev\campaign_dpcpp\utils_cuda\gpudevices.cpp:146:3: warning: DPCT1007:0: Migration of this CUDA API is not supported by the Intel(R) DPC++ Compatibility Tool.
  cudaChooseDevice(&dev, &deviceProp);
  ^
D:\dev\campaign_dpcpp\utils_cuda\gpudevices.cpp:142:3: warning: DPCT1005:1: The device version is different. You need to rewrite this code.
  deviceProp.major = major;
  ^
D:\dev\campaign_dpcpp\utils_cuda\gpudevices.cpp:143:3: warning: DPCT1005:2: The device version is different. You need to rewrite this code.
  deviceProp.minor = minor;
  ^
3 warnings generated.
D:\dev\campaign_dpcpp\utils_cuda\dataio.cpp:369:16: warning: result of comparison against a string literal is unspecified (use an explicit string comparison function instead) [-Wstring-compare]
  if (fileName == "") data = ip->readStdIn();
               ^  ~~
1 warning generated.
D:\dev\campaign_dpcpp\utils_cuda\timing.cpp:52:3: warning: DPCT1026:3: The call to cudaEventCreate was removed, because this call is redundant in DPC++.
  cudaEventCreate(&startMap[timerName]);
  ^
D:\dev\campaign_dpcpp\utils_cuda\timing.cpp:53:3: warning: DPCT1012:4: Detected kernel execution time measurement pattern and generated an initial code for time measurements in SYCL. You can change the way time is measured depending on your goals.
  cudaEventRecord(startMap[timerName], 0);
  ^
D:\dev\campaign_dpcpp\utils_cuda\timing.cpp:58:3: warning: DPCT1026:5: The call to cudaEventCreate was removed, because this call is redundant in DPC++.
  cudaEventCreate(&stopMap[timerName]);
  ^
D:\dev\campaign_dpcpp\utils_cuda\timing.cpp:59:3: warning: DPCT1012:6: Detected kernel execution time measurement pattern and generated an initial code for time measurements in SYCL. You can change the way time is measured depending on your goals.
  cudaEventRecord(stopMap[timerName], 0);
  ^
D:\dev\campaign_dpcpp\utils_cuda\timing.cpp:65:3: warning: DPCT1026:7: The call to cudaEventCreate was removed, because this call is redundant in DPC++.
  cudaEventCreate(&currentTime);
  ^
D:\dev\campaign_dpcpp\utils_cuda\timing.cpp:66:3: warning: DPCT1012:8: Detected kernel execution time measurement pattern and generated an initial code for time measurements in SYCL. You can change the way time is measured depending on your goals.
  cudaEventRecord(currentTime, 0);
  ^
D:\dev\campaign_dpcpp\utils_cuda\timing.cpp:88:3: warning: DPCT1026:9: The call to cudaEventCreate was removed, because this call is redundant in DPC++.
  cudaEventCreate(&currentTime);
  ^
D:\dev\campaign_dpcpp\utils_cuda\timing.cpp:89:3: warning: DPCT1012:10: Detected kernel execution time measurement pattern and generated an initial code for time measurements in SYCL. You can change the way time is measured depending on your goals.
  cudaEventRecord(currentTime, 0);
  ^
8 warnings generated.
Save out new version d:\dev\campaign_dpcpp\utils_cuda\migration\dataio.h.yaml file
Save out new version d:\dev\campaign_dpcpp\utils_cuda\migration\gpudevices.h.yaml file
Save out new version d:\dev\campaign_dpcpp\utils_cuda\migration\timing.h.yaml file

Processing: D:\dev\campaign_dpcpp\utils_cuda\gpudevices.cpp
Processing: D:\dev\campaign_dpcpp\utils_cuda\dataio.cpp
Processing: D:\dev\campaign_dpcpp\utils_cuda\tokens.cpp
Processing: D:\dev\campaign_dpcpp\utils_cuda\defaults.cpp
Processing: D:\dev\campaign_dpcpp\utils_cuda\timing.cpp


