d:\dev\campaign_dpcpp\k_centers_dpcpp\x64\debug\kcenters.obj
d:\dev\campaign_dpcpp\k_centers_dpcpp\x64\debug\kcentersgpu_intel.dp.obj
d:\dev\campaign_dpcpp\x64\debug\k_centers_dpcpp.ilk
d:\dev\campaign_dpcpp\x64\debug\k_centers_dpcpp.exe
d:\dev\campaign_dpcpp\x64\debug\k_centers_dpcpp.pdb
d:\dev\campaign_dpcpp\k_centers_dpcpp\x64\debug\k_centers_dpcpp.tlog\dpcpp-cl-clang-cl-clang-offload-bundler-llvm-objcopy.81824.delete.1.tlog
d:\dev\campaign_dpcpp\k_centers_dpcpp\x64\debug\k_centers_dpcpp.tlog\dpcpp-cl-clang-cl-clang-offload-bundler-llvm-objcopy.81824.read.1.tlog
d:\dev\campaign_dpcpp\k_centers_dpcpp\x64\debug\k_centers_dpcpp.tlog\dpcpp-cl-clang-cl-clang-offload-bundler-llvm-objcopy.81824.write.1.tlog
d:\dev\campaign_dpcpp\k_centers_dpcpp\x64\debug\k_centers_dpcpp.tlog\dpcpp-cl-clang-cl-clang-offload-bundler-llvm-objcopy.delete.1.tlog
d:\dev\campaign_dpcpp\k_centers_dpcpp\x64\debug\k_centers_dpcpp.tlog\dpcpp-cl-clang-cl-clang-offload-bundler-llvm-objcopy.read.1.tlog
d:\dev\campaign_dpcpp\k_centers_dpcpp\x64\debug\k_centers_dpcpp.tlog\dpcpp-cl-clang-cl-clang-offload-bundler-llvm-objcopy.write.1.tlog
d:\dev\campaign_dpcpp\k_centers_dpcpp\x64\debug\k_centers_dpcpp.tlog\dpcpp-cl-clang-cl-clang-offload-bundler.69572.read.1.tlog
d:\dev\campaign_dpcpp\k_centers_dpcpp\x64\debug\k_centers_dpcpp.tlog\dpcpp-cl-clang-cl-clang-offload-bundler.69572.write.1.tlog
d:\dev\campaign_dpcpp\k_centers_dpcpp\x64\debug\k_centers_dpcpp.tlog\dpcpp-cl-clang-cl-clang-offload-bundler.78956-llvm-objcopy.80272.delete.1.tlog
d:\dev\campaign_dpcpp\k_centers_dpcpp\x64\debug\k_centers_dpcpp.tlog\dpcpp-cl-clang-cl-clang-offload-bundler.78956-llvm-objcopy.80272.read.1.tlog
d:\dev\campaign_dpcpp\k_centers_dpcpp\x64\debug\k_centers_dpcpp.tlog\dpcpp-cl-clang-cl-clang-offload-bundler.78956-llvm-objcopy.80272.write.1.tlog
d:\dev\campaign_dpcpp\k_centers_dpcpp\x64\debug\k_centers_dpcpp.tlog\dpcpp-cl-clang-cl-clang-offload-bundler.78956-llvm-objcopy.delete.1.tlog
d:\dev\campaign_dpcpp\k_centers_dpcpp\x64\debug\k_centers_dpcpp.tlog\dpcpp-cl-clang-cl-clang-offload-bundler.78956-llvm-objcopy.read.1.tlog
d:\dev\campaign_dpcpp\k_centers_dpcpp\x64\debug\k_centers_dpcpp.tlog\dpcpp-cl-clang-cl-clang-offload-bundler.78956-llvm-objcopy.write.1.tlog
d:\dev\campaign_dpcpp\k_centers_dpcpp\x64\debug\k_centers_dpcpp.tlog\dpcpp-cl-clang-cl-clang-offload-bundler.78956.read.1.tlog
d:\dev\campaign_dpcpp\k_centers_dpcpp\x64\debug\k_centers_dpcpp.tlog\dpcpp-cl-clang-cl-clang-offload-bundler.78956.write.1.tlog
d:\dev\campaign_dpcpp\k_centers_dpcpp\x64\debug\k_centers_dpcpp.tlog\dpcpp-cl-clang-cl-clang-offload-bundler.read.1.tlog
d:\dev\campaign_dpcpp\k_centers_dpcpp\x64\debug\k_centers_dpcpp.tlog\dpcpp-cl-clang-cl-clang-offload-bundler.write.1.tlog
d:\dev\campaign_dpcpp\k_centers_dpcpp\x64\debug\k_centers_dpcpp.tlog\dpcpp-cl-clang-cl-clang-offload-wrapper.read.1.tlog
d:\dev\campaign_dpcpp\k_centers_dpcpp\x64\debug\k_centers_dpcpp.tlog\dpcpp-cl-clang-cl-clang-offload-wrapper.write.1.tlog
d:\dev\campaign_dpcpp\k_centers_dpcpp\x64\debug\k_centers_dpcpp.tlog\dpcpp-cl-clang-cl-file-table-tform.372.read.1.tlog
d:\dev\campaign_dpcpp\k_centers_dpcpp\x64\debug\k_centers_dpcpp.tlog\dpcpp-cl-clang-cl-file-table-tform.372.write.1.tlog
d:\dev\campaign_dpcpp\k_centers_dpcpp\x64\debug\k_centers_dpcpp.tlog\dpcpp-cl-clang-cl-file-table-tform.read.1.tlog
d:\dev\campaign_dpcpp\k_centers_dpcpp\x64\debug\k_centers_dpcpp.tlog\dpcpp-cl-clang-cl-file-table-tform.write.1.tlog
d:\dev\campaign_dpcpp\k_centers_dpcpp\x64\debug\k_centers_dpcpp.tlog\dpcpp-cl-clang-cl-link.read.1.tlog
d:\dev\campaign_dpcpp\k_centers_dpcpp\x64\debug\k_centers_dpcpp.tlog\dpcpp-cl-clang-cl-link.read.2.tlog
d:\dev\campaign_dpcpp\k_centers_dpcpp\x64\debug\k_centers_dpcpp.tlog\dpcpp-cl-clang-cl-link.read.3.tlog
d:\dev\campaign_dpcpp\k_centers_dpcpp\x64\debug\k_centers_dpcpp.tlog\dpcpp-cl-clang-cl-link.write.1.tlog
d:\dev\campaign_dpcpp\k_centers_dpcpp\x64\debug\k_centers_dpcpp.tlog\dpcpp-cl-clang-cl-llc.read.1.tlog
d:\dev\campaign_dpcpp\k_centers_dpcpp\x64\debug\k_centers_dpcpp.tlog\dpcpp-cl-clang-cl-llc.write.1.tlog
d:\dev\campaign_dpcpp\k_centers_dpcpp\x64\debug\k_centers_dpcpp.tlog\dpcpp-cl-clang-cl-llvm-foreach-llvm-spirv.read.1.tlog
d:\dev\campaign_dpcpp\k_centers_dpcpp\x64\debug\k_centers_dpcpp.tlog\dpcpp-cl-clang-cl-llvm-foreach-llvm-spirv.write.1.tlog
d:\dev\campaign_dpcpp\k_centers_dpcpp\x64\debug\k_centers_dpcpp.tlog\dpcpp-cl-clang-cl-llvm-foreach.read.1.tlog
d:\dev\campaign_dpcpp\k_centers_dpcpp\x64\debug\k_centers_dpcpp.tlog\dpcpp-cl-clang-cl-llvm-foreach.write.1.tlog
d:\dev\campaign_dpcpp\k_centers_dpcpp\x64\debug\k_centers_dpcpp.tlog\dpcpp-cl-clang-cl-llvm-link.read.1.tlog
d:\dev\campaign_dpcpp\k_centers_dpcpp\x64\debug\k_centers_dpcpp.tlog\dpcpp-cl-clang-cl-llvm-link.write.1.tlog
d:\dev\campaign_dpcpp\k_centers_dpcpp\x64\debug\k_centers_dpcpp.tlog\dpcpp-cl-clang-cl-sycl-post-link.read.1.tlog
d:\dev\campaign_dpcpp\k_centers_dpcpp\x64\debug\k_centers_dpcpp.tlog\dpcpp-cl-clang-cl-sycl-post-link.write.1.tlog
d:\dev\campaign_dpcpp\k_centers_dpcpp\x64\debug\k_centers_dpcpp.tlog\dpcpp-cl-clang-cl.12652.read.1.tlog
d:\dev\campaign_dpcpp\k_centers_dpcpp\x64\debug\k_centers_dpcpp.tlog\dpcpp-cl-clang-cl.17728.delete.1.tlog
d:\dev\campaign_dpcpp\k_centers_dpcpp\x64\debug\k_centers_dpcpp.tlog\dpcpp-cl-clang-cl.17728.read.1.tlog
d:\dev\campaign_dpcpp\k_centers_dpcpp\x64\debug\k_centers_dpcpp.tlog\dpcpp-cl-clang-cl.17728.write.1.tlog
d:\dev\campaign_dpcpp\k_centers_dpcpp\x64\debug\k_centers_dpcpp.tlog\dpcpp-cl-clang-cl.66200.read.1.tlog
d:\dev\campaign_dpcpp\k_centers_dpcpp\x64\debug\k_centers_dpcpp.tlog\dpcpp-cl-clang-cl.66200.write.1.tlog
d:\dev\campaign_dpcpp\k_centers_dpcpp\x64\debug\k_centers_dpcpp.tlog\dpcpp-cl-clang-cl.78292.delete.1.tlog
d:\dev\campaign_dpcpp\k_centers_dpcpp\x64\debug\k_centers_dpcpp.tlog\dpcpp-cl-clang-cl.78292.read.1.tlog
d:\dev\campaign_dpcpp\k_centers_dpcpp\x64\debug\k_centers_dpcpp.tlog\dpcpp-cl-clang-cl.78292.write.1.tlog
d:\dev\campaign_dpcpp\k_centers_dpcpp\x64\debug\k_centers_dpcpp.tlog\dpcpp-cl-clang-cl.78720.delete.1.tlog
d:\dev\campaign_dpcpp\k_centers_dpcpp\x64\debug\k_centers_dpcpp.tlog\dpcpp-cl-clang-cl.78720.read.1.tlog
d:\dev\campaign_dpcpp\k_centers_dpcpp\x64\debug\k_centers_dpcpp.tlog\dpcpp-cl-clang-cl.78720.write.1.tlog
d:\dev\campaign_dpcpp\k_centers_dpcpp\x64\debug\k_centers_dpcpp.tlog\dpcpp-cl-clang-cl.79844.delete.1.tlog
d:\dev\campaign_dpcpp\k_centers_dpcpp\x64\debug\k_centers_dpcpp.tlog\dpcpp-cl-clang-cl.79844.read.1.tlog
d:\dev\campaign_dpcpp\k_centers_dpcpp\x64\debug\k_centers_dpcpp.tlog\dpcpp-cl-clang-cl.79844.write.1.tlog
d:\dev\campaign_dpcpp\k_centers_dpcpp\x64\debug\k_centers_dpcpp.tlog\dpcpp-cl-clang-cl.read.1.tlog
d:\dev\campaign_dpcpp\k_centers_dpcpp\x64\debug\k_centers_dpcpp.tlog\dpcpp-cl-clang-cl.write.1.tlog
d:\dev\campaign_dpcpp\k_centers_dpcpp\x64\debug\k_centers_dpcpp.tlog\dpcpp-cl.read.1.tlog
d:\dev\campaign_dpcpp\k_centers_dpcpp\x64\debug\k_centers_dpcpp.tlog\dpcpp.command.1.tlog
d:\dev\campaign_dpcpp\k_centers_dpcpp\x64\debug\k_centers_dpcpp.tlog\dpcpplink.command.1.tlog
