d:\dev\campaign_dpcpp\k_means\x64\release\vc142.pdb
d:\dev\campaign_dpcpp\k_means\x64\release\dummy.obj
x64\release\kmeansgpu.cu.obj
x64\release\main.cu.obj
d:\dev\campaign_dpcpp\x64\release\k_means.lib
d:\dev\campaign_dpcpp\x64\release\k_means.exp
d:\dev\campaign_dpcpp\x64\release\k_means.ipdb
d:\dev\campaign_dpcpp\x64\release\k_means.iobj
d:\dev\campaign_dpcpp\x64\release\k_means.exe
d:\dev\campaign_dpcpp\x64\release\k_means.pdb
d:\dev\campaign_dpcpp\k_means\x64\release\kmeansgpu.cu.cache
d:\dev\campaign_dpcpp\k_means\x64\release\main.cu.cache
d:\dev\campaign_dpcpp\k_means\x64\release\kmeansgpu.cu.obj
d:\dev\campaign_dpcpp\k_means\x64\release\main.cu.obj
d:\dev\campaign_dpcpp\k_means\x64\release\k_means.tlog\cl.command.1.tlog
d:\dev\campaign_dpcpp\k_means\x64\release\k_means.tlog\cl.read.1.tlog
d:\dev\campaign_dpcpp\k_means\x64\release\k_means.tlog\cl.write.1.tlog
d:\dev\campaign_dpcpp\k_means\x64\release\k_means.tlog\cudacompile.read.1u.tlog
d:\dev\campaign_dpcpp\k_means\x64\release\k_means.tlog\cudacompile.write.1u.tlog
d:\dev\campaign_dpcpp\k_means\x64\release\k_means.tlog\k_means.write.1u.tlog
d:\dev\campaign_dpcpp\k_means\x64\release\k_means.tlog\link.command.1.tlog
d:\dev\campaign_dpcpp\k_means\x64\release\k_means.tlog\link.read.1.tlog
d:\dev\campaign_dpcpp\k_means\x64\release\k_means.tlog\link.write.1.tlog
