d:\dev\campaign_dpcpp\k_means\x64\debug\vc142.pdb
d:\dev\campaign_dpcpp\k_means\x64\debug\vc142.idb
d:\dev\campaign_dpcpp\k_means\x64\debug\dummy.obj
d:\dev\campaign_dpcpp\x64\debug\k_means.lib
d:\dev\campaign_dpcpp\x64\debug\k_means.exp
d:\dev\campaign_dpcpp\x64\debug\k_means.exe
d:\dev\campaign_dpcpp\x64\debug\k_means.ilk
d:\dev\campaign_dpcpp\x64\debug\k_means.pdb
d:\dev\campaign_dpcpp\k_means\x64\debug\kmeansgpu.cu.cache
d:\dev\campaign_dpcpp\k_means\x64\debug\main.cu.cache
d:\dev\campaign_dpcpp\k_means\x64\debug\kmeansgpu.cu.obj
d:\dev\campaign_dpcpp\k_means\x64\debug\main.cu.obj
d:\dev\campaign_dpcpp\k_means\x64\debug\k_means.tlog\cl.command.1.tlog
d:\dev\campaign_dpcpp\k_means\x64\debug\k_means.tlog\cl.read.1.tlog
d:\dev\campaign_dpcpp\k_means\x64\debug\k_means.tlog\cl.write.1.tlog
d:\dev\campaign_dpcpp\k_means\x64\debug\k_means.tlog\cudacompile.read.1u.tlog
d:\dev\campaign_dpcpp\k_means\x64\debug\k_means.tlog\cudacompile.write.1u.tlog
d:\dev\campaign_dpcpp\k_means\x64\debug\k_means.tlog\k_means.write.1u.tlog
d:\dev\campaign_dpcpp\k_means\x64\debug\k_means.tlog\link.command.1.tlog
d:\dev\campaign_dpcpp\k_means\x64\debug\k_means.tlog\link.read.1.tlog
d:\dev\campaign_dpcpp\k_means\x64\debug\k_means.tlog\link.write.1.tlog
