d:\dev\campaign_dpcpp\k_means\migration\x64\debug\kmeansgpu.dp.obj
d:\dev\campaign_dpcpp\k_means\migration\x64\debug\main.dp.obj
d:\dev\campaign_dpcpp\k_means\migration\x64\debug\dummy.cpp.dp.obj
d:\dev\campaign_dpcpp\x64\debug\k_means_dpcpp.ilk
d:\dev\campaign_dpcpp\x64\debug\k_means_dpcpp.exe
d:\dev\campaign_dpcpp\x64\debug\k_means_dpcpp.pdb
d:\dev\campaign_dpcpp\k_means\migration\x64\debug\k_means_dpcpp.tlog\dpcpp-cl-clang-cl-clang-offload-bundler-llvm-objcopy.26188.delete.1.tlog
d:\dev\campaign_dpcpp\k_means\migration\x64\debug\k_means_dpcpp.tlog\dpcpp-cl-clang-cl-clang-offload-bundler-llvm-objcopy.26188.read.1.tlog
d:\dev\campaign_dpcpp\k_means\migration\x64\debug\k_means_dpcpp.tlog\dpcpp-cl-clang-cl-clang-offload-bundler-llvm-objcopy.26188.write.1.tlog
d:\dev\campaign_dpcpp\k_means\migration\x64\debug\k_means_dpcpp.tlog\dpcpp-cl-clang-cl-clang-offload-bundler-llvm-objcopy.80988.delete.1.tlog
d:\dev\campaign_dpcpp\k_means\migration\x64\debug\k_means_dpcpp.tlog\dpcpp-cl-clang-cl-clang-offload-bundler-llvm-objcopy.80988.read.1.tlog
d:\dev\campaign_dpcpp\k_means\migration\x64\debug\k_means_dpcpp.tlog\dpcpp-cl-clang-cl-clang-offload-bundler-llvm-objcopy.80988.write.1.tlog
d:\dev\campaign_dpcpp\k_means\migration\x64\debug\k_means_dpcpp.tlog\dpcpp-cl-clang-cl-clang-offload-bundler-llvm-objcopy.81444.delete.1.tlog
d:\dev\campaign_dpcpp\k_means\migration\x64\debug\k_means_dpcpp.tlog\dpcpp-cl-clang-cl-clang-offload-bundler-llvm-objcopy.81444.read.1.tlog
d:\dev\campaign_dpcpp\k_means\migration\x64\debug\k_means_dpcpp.tlog\dpcpp-cl-clang-cl-clang-offload-bundler-llvm-objcopy.81444.write.1.tlog
d:\dev\campaign_dpcpp\k_means\migration\x64\debug\k_means_dpcpp.tlog\dpcpp-cl-clang-cl-clang-offload-bundler-llvm-objcopy.delete.1.tlog
d:\dev\campaign_dpcpp\k_means\migration\x64\debug\k_means_dpcpp.tlog\dpcpp-cl-clang-cl-clang-offload-bundler-llvm-objcopy.read.1.tlog
d:\dev\campaign_dpcpp\k_means\migration\x64\debug\k_means_dpcpp.tlog\dpcpp-cl-clang-cl-clang-offload-bundler-llvm-objcopy.write.1.tlog
d:\dev\campaign_dpcpp\k_means\migration\x64\debug\k_means_dpcpp.tlog\dpcpp-cl-clang-cl-clang-offload-bundler.20808.read.1.tlog
d:\dev\campaign_dpcpp\k_means\migration\x64\debug\k_means_dpcpp.tlog\dpcpp-cl-clang-cl-clang-offload-bundler.20808.write.1.tlog
d:\dev\campaign_dpcpp\k_means\migration\x64\debug\k_means_dpcpp.tlog\dpcpp-cl-clang-cl-clang-offload-bundler.36628-llvm-objcopy.23808.delete.1.tlog
d:\dev\campaign_dpcpp\k_means\migration\x64\debug\k_means_dpcpp.tlog\dpcpp-cl-clang-cl-clang-offload-bundler.36628-llvm-objcopy.23808.read.1.tlog
d:\dev\campaign_dpcpp\k_means\migration\x64\debug\k_means_dpcpp.tlog\dpcpp-cl-clang-cl-clang-offload-bundler.36628-llvm-objcopy.23808.write.1.tlog
d:\dev\campaign_dpcpp\k_means\migration\x64\debug\k_means_dpcpp.tlog\dpcpp-cl-clang-cl-clang-offload-bundler.36628-llvm-objcopy.delete.1.tlog
d:\dev\campaign_dpcpp\k_means\migration\x64\debug\k_means_dpcpp.tlog\dpcpp-cl-clang-cl-clang-offload-bundler.36628-llvm-objcopy.read.1.tlog
d:\dev\campaign_dpcpp\k_means\migration\x64\debug\k_means_dpcpp.tlog\dpcpp-cl-clang-cl-clang-offload-bundler.36628-llvm-objcopy.write.1.tlog
d:\dev\campaign_dpcpp\k_means\migration\x64\debug\k_means_dpcpp.tlog\dpcpp-cl-clang-cl-clang-offload-bundler.36628.read.1.tlog
d:\dev\campaign_dpcpp\k_means\migration\x64\debug\k_means_dpcpp.tlog\dpcpp-cl-clang-cl-clang-offload-bundler.36628.write.1.tlog
d:\dev\campaign_dpcpp\k_means\migration\x64\debug\k_means_dpcpp.tlog\dpcpp-cl-clang-cl-clang-offload-bundler.37600-llvm-objcopy.76828.delete.1.tlog
d:\dev\campaign_dpcpp\k_means\migration\x64\debug\k_means_dpcpp.tlog\dpcpp-cl-clang-cl-clang-offload-bundler.37600-llvm-objcopy.76828.read.1.tlog
d:\dev\campaign_dpcpp\k_means\migration\x64\debug\k_means_dpcpp.tlog\dpcpp-cl-clang-cl-clang-offload-bundler.37600-llvm-objcopy.76828.write.1.tlog
d:\dev\campaign_dpcpp\k_means\migration\x64\debug\k_means_dpcpp.tlog\dpcpp-cl-clang-cl-clang-offload-bundler.37600-llvm-objcopy.delete.1.tlog
d:\dev\campaign_dpcpp\k_means\migration\x64\debug\k_means_dpcpp.tlog\dpcpp-cl-clang-cl-clang-offload-bundler.37600-llvm-objcopy.read.1.tlog
d:\dev\campaign_dpcpp\k_means\migration\x64\debug\k_means_dpcpp.tlog\dpcpp-cl-clang-cl-clang-offload-bundler.37600-llvm-objcopy.write.1.tlog
d:\dev\campaign_dpcpp\k_means\migration\x64\debug\k_means_dpcpp.tlog\dpcpp-cl-clang-cl-clang-offload-bundler.37600.read.1.tlog
d:\dev\campaign_dpcpp\k_means\migration\x64\debug\k_means_dpcpp.tlog\dpcpp-cl-clang-cl-clang-offload-bundler.37600.write.1.tlog
d:\dev\campaign_dpcpp\k_means\migration\x64\debug\k_means_dpcpp.tlog\dpcpp-cl-clang-cl-clang-offload-bundler.62820-llvm-objcopy.77400.delete.1.tlog
d:\dev\campaign_dpcpp\k_means\migration\x64\debug\k_means_dpcpp.tlog\dpcpp-cl-clang-cl-clang-offload-bundler.62820-llvm-objcopy.77400.read.1.tlog
d:\dev\campaign_dpcpp\k_means\migration\x64\debug\k_means_dpcpp.tlog\dpcpp-cl-clang-cl-clang-offload-bundler.62820-llvm-objcopy.77400.write.1.tlog
d:\dev\campaign_dpcpp\k_means\migration\x64\debug\k_means_dpcpp.tlog\dpcpp-cl-clang-cl-clang-offload-bundler.62820-llvm-objcopy.delete.1.tlog
d:\dev\campaign_dpcpp\k_means\migration\x64\debug\k_means_dpcpp.tlog\dpcpp-cl-clang-cl-clang-offload-bundler.62820-llvm-objcopy.read.1.tlog
d:\dev\campaign_dpcpp\k_means\migration\x64\debug\k_means_dpcpp.tlog\dpcpp-cl-clang-cl-clang-offload-bundler.62820-llvm-objcopy.write.1.tlog
d:\dev\campaign_dpcpp\k_means\migration\x64\debug\k_means_dpcpp.tlog\dpcpp-cl-clang-cl-clang-offload-bundler.62820.read.1.tlog
d:\dev\campaign_dpcpp\k_means\migration\x64\debug\k_means_dpcpp.tlog\dpcpp-cl-clang-cl-clang-offload-bundler.62820.write.1.tlog
d:\dev\campaign_dpcpp\k_means\migration\x64\debug\k_means_dpcpp.tlog\dpcpp-cl-clang-cl-clang-offload-bundler.64568.read.1.tlog
d:\dev\campaign_dpcpp\k_means\migration\x64\debug\k_means_dpcpp.tlog\dpcpp-cl-clang-cl-clang-offload-bundler.64568.write.1.tlog
d:\dev\campaign_dpcpp\k_means\migration\x64\debug\k_means_dpcpp.tlog\dpcpp-cl-clang-cl-clang-offload-bundler.76580.read.1.tlog
d:\dev\campaign_dpcpp\k_means\migration\x64\debug\k_means_dpcpp.tlog\dpcpp-cl-clang-cl-clang-offload-bundler.76580.write.1.tlog
d:\dev\campaign_dpcpp\k_means\migration\x64\debug\k_means_dpcpp.tlog\dpcpp-cl-clang-cl-clang-offload-bundler.78372.read.1.tlog
d:\dev\campaign_dpcpp\k_means\migration\x64\debug\k_means_dpcpp.tlog\dpcpp-cl-clang-cl-clang-offload-bundler.78372.write.1.tlog
d:\dev\campaign_dpcpp\k_means\migration\x64\debug\k_means_dpcpp.tlog\dpcpp-cl-clang-cl-clang-offload-bundler.79428.read.1.tlog
d:\dev\campaign_dpcpp\k_means\migration\x64\debug\k_means_dpcpp.tlog\dpcpp-cl-clang-cl-clang-offload-bundler.79428.write.1.tlog
d:\dev\campaign_dpcpp\k_means\migration\x64\debug\k_means_dpcpp.tlog\dpcpp-cl-clang-cl-clang-offload-bundler.80004.read.1.tlog
d:\dev\campaign_dpcpp\k_means\migration\x64\debug\k_means_dpcpp.tlog\dpcpp-cl-clang-cl-clang-offload-bundler.80004.write.1.tlog
d:\dev\campaign_dpcpp\k_means\migration\x64\debug\k_means_dpcpp.tlog\dpcpp-cl-clang-cl-clang-offload-bundler.80808-llvm-objcopy.81912.delete.1.tlog
d:\dev\campaign_dpcpp\k_means\migration\x64\debug\k_means_dpcpp.tlog\dpcpp-cl-clang-cl-clang-offload-bundler.80808-llvm-objcopy.81912.read.1.tlog
d:\dev\campaign_dpcpp\k_means\migration\x64\debug\k_means_dpcpp.tlog\dpcpp-cl-clang-cl-clang-offload-bundler.80808-llvm-objcopy.81912.write.1.tlog
d:\dev\campaign_dpcpp\k_means\migration\x64\debug\k_means_dpcpp.tlog\dpcpp-cl-clang-cl-clang-offload-bundler.80808-llvm-objcopy.delete.1.tlog
d:\dev\campaign_dpcpp\k_means\migration\x64\debug\k_means_dpcpp.tlog\dpcpp-cl-clang-cl-clang-offload-bundler.80808-llvm-objcopy.read.1.tlog
d:\dev\campaign_dpcpp\k_means\migration\x64\debug\k_means_dpcpp.tlog\dpcpp-cl-clang-cl-clang-offload-bundler.80808-llvm-objcopy.write.1.tlog
d:\dev\campaign_dpcpp\k_means\migration\x64\debug\k_means_dpcpp.tlog\dpcpp-cl-clang-cl-clang-offload-bundler.80808.read.1.tlog
d:\dev\campaign_dpcpp\k_means\migration\x64\debug\k_means_dpcpp.tlog\dpcpp-cl-clang-cl-clang-offload-bundler.80808.write.1.tlog
d:\dev\campaign_dpcpp\k_means\migration\x64\debug\k_means_dpcpp.tlog\dpcpp-cl-clang-cl-clang-offload-bundler.read.1.tlog
d:\dev\campaign_dpcpp\k_means\migration\x64\debug\k_means_dpcpp.tlog\dpcpp-cl-clang-cl-clang-offload-bundler.write.1.tlog
d:\dev\campaign_dpcpp\k_means\migration\x64\debug\k_means_dpcpp.tlog\dpcpp-cl-clang-cl-clang-offload-wrapper.read.1.tlog
d:\dev\campaign_dpcpp\k_means\migration\x64\debug\k_means_dpcpp.tlog\dpcpp-cl-clang-cl-clang-offload-wrapper.write.1.tlog
d:\dev\campaign_dpcpp\k_means\migration\x64\debug\k_means_dpcpp.tlog\dpcpp-cl-clang-cl-file-table-tform.21440.read.1.tlog
d:\dev\campaign_dpcpp\k_means\migration\x64\debug\k_means_dpcpp.tlog\dpcpp-cl-clang-cl-file-table-tform.21440.write.1.tlog
d:\dev\campaign_dpcpp\k_means\migration\x64\debug\k_means_dpcpp.tlog\dpcpp-cl-clang-cl-file-table-tform.79612.read.1.tlog
d:\dev\campaign_dpcpp\k_means\migration\x64\debug\k_means_dpcpp.tlog\dpcpp-cl-clang-cl-file-table-tform.79612.write.1.tlog
d:\dev\campaign_dpcpp\k_means\migration\x64\debug\k_means_dpcpp.tlog\dpcpp-cl-clang-cl-file-table-tform.81228.read.1.tlog
d:\dev\campaign_dpcpp\k_means\migration\x64\debug\k_means_dpcpp.tlog\dpcpp-cl-clang-cl-file-table-tform.81228.write.1.tlog
d:\dev\campaign_dpcpp\k_means\migration\x64\debug\k_means_dpcpp.tlog\dpcpp-cl-clang-cl-file-table-tform.read.1.tlog
d:\dev\campaign_dpcpp\k_means\migration\x64\debug\k_means_dpcpp.tlog\dpcpp-cl-clang-cl-file-table-tform.write.1.tlog
d:\dev\campaign_dpcpp\k_means\migration\x64\debug\k_means_dpcpp.tlog\dpcpp-cl-clang-cl-link.68088.read.1.tlog
d:\dev\campaign_dpcpp\k_means\migration\x64\debug\k_means_dpcpp.tlog\dpcpp-cl-clang-cl-link.68088.read.2.tlog
d:\dev\campaign_dpcpp\k_means\migration\x64\debug\k_means_dpcpp.tlog\dpcpp-cl-clang-cl-link.68088.write.1.tlog
d:\dev\campaign_dpcpp\k_means\migration\x64\debug\k_means_dpcpp.tlog\dpcpp-cl-clang-cl-link.80752.read.1.tlog
d:\dev\campaign_dpcpp\k_means\migration\x64\debug\k_means_dpcpp.tlog\dpcpp-cl-clang-cl-link.80752.read.2.tlog
d:\dev\campaign_dpcpp\k_means\migration\x64\debug\k_means_dpcpp.tlog\dpcpp-cl-clang-cl-link.80752.write.1.tlog
d:\dev\campaign_dpcpp\k_means\migration\x64\debug\k_means_dpcpp.tlog\dpcpp-cl-clang-cl-link.read.1.tlog
d:\dev\campaign_dpcpp\k_means\migration\x64\debug\k_means_dpcpp.tlog\dpcpp-cl-clang-cl-link.read.2.tlog
d:\dev\campaign_dpcpp\k_means\migration\x64\debug\k_means_dpcpp.tlog\dpcpp-cl-clang-cl-link.write.1.tlog
d:\dev\campaign_dpcpp\k_means\migration\x64\debug\k_means_dpcpp.tlog\dpcpp-cl-clang-cl-llc.read.1.tlog
d:\dev\campaign_dpcpp\k_means\migration\x64\debug\k_means_dpcpp.tlog\dpcpp-cl-clang-cl-llc.write.1.tlog
d:\dev\campaign_dpcpp\k_means\migration\x64\debug\k_means_dpcpp.tlog\dpcpp-cl-clang-cl-llvm-foreach-llvm-spirv.read.1.tlog
d:\dev\campaign_dpcpp\k_means\migration\x64\debug\k_means_dpcpp.tlog\dpcpp-cl-clang-cl-llvm-foreach-llvm-spirv.write.1.tlog
d:\dev\campaign_dpcpp\k_means\migration\x64\debug\k_means_dpcpp.tlog\dpcpp-cl-clang-cl-llvm-foreach.read.1.tlog
d:\dev\campaign_dpcpp\k_means\migration\x64\debug\k_means_dpcpp.tlog\dpcpp-cl-clang-cl-llvm-foreach.write.1.tlog
d:\dev\campaign_dpcpp\k_means\migration\x64\debug\k_means_dpcpp.tlog\dpcpp-cl-clang-cl-llvm-link.read.1.tlog
d:\dev\campaign_dpcpp\k_means\migration\x64\debug\k_means_dpcpp.tlog\dpcpp-cl-clang-cl-llvm-link.write.1.tlog
d:\dev\campaign_dpcpp\k_means\migration\x64\debug\k_means_dpcpp.tlog\dpcpp-cl-clang-cl-sycl-post-link.read.1.tlog
d:\dev\campaign_dpcpp\k_means\migration\x64\debug\k_means_dpcpp.tlog\dpcpp-cl-clang-cl-sycl-post-link.write.1.tlog
d:\dev\campaign_dpcpp\k_means\migration\x64\debug\k_means_dpcpp.tlog\dpcpp-cl-clang-cl.24424.read.1.tlog
d:\dev\campaign_dpcpp\k_means\migration\x64\debug\k_means_dpcpp.tlog\dpcpp-cl-clang-cl.24424.write.1.tlog
d:\dev\campaign_dpcpp\k_means\migration\x64\debug\k_means_dpcpp.tlog\dpcpp-cl-clang-cl.34636.read.1.tlog
d:\dev\campaign_dpcpp\k_means\migration\x64\debug\k_means_dpcpp.tlog\dpcpp-cl-clang-cl.36072.delete.1.tlog
d:\dev\campaign_dpcpp\k_means\migration\x64\debug\k_means_dpcpp.tlog\dpcpp-cl-clang-cl.36072.read.1.tlog
d:\dev\campaign_dpcpp\k_means\migration\x64\debug\k_means_dpcpp.tlog\dpcpp-cl-clang-cl.36072.write.1.tlog
d:\dev\campaign_dpcpp\k_means\migration\x64\debug\k_means_dpcpp.tlog\dpcpp-cl-clang-cl.4340.delete.1.tlog
d:\dev\campaign_dpcpp\k_means\migration\x64\debug\k_means_dpcpp.tlog\dpcpp-cl-clang-cl.4340.read.1.tlog
d:\dev\campaign_dpcpp\k_means\migration\x64\debug\k_means_dpcpp.tlog\dpcpp-cl-clang-cl.4340.write.1.tlog
d:\dev\campaign_dpcpp\k_means\migration\x64\debug\k_means_dpcpp.tlog\dpcpp-cl-clang-cl.49320.read.1.tlog
d:\dev\campaign_dpcpp\k_means\migration\x64\debug\k_means_dpcpp.tlog\dpcpp-cl-clang-cl.49320.write.1.tlog
d:\dev\campaign_dpcpp\k_means\migration\x64\debug\k_means_dpcpp.tlog\dpcpp-cl-clang-cl.59140.delete.1.tlog
d:\dev\campaign_dpcpp\k_means\migration\x64\debug\k_means_dpcpp.tlog\dpcpp-cl-clang-cl.59140.read.1.tlog
d:\dev\campaign_dpcpp\k_means\migration\x64\debug\k_means_dpcpp.tlog\dpcpp-cl-clang-cl.59140.write.1.tlog
d:\dev\campaign_dpcpp\k_means\migration\x64\debug\k_means_dpcpp.tlog\dpcpp-cl-clang-cl.62412.read.1.tlog
d:\dev\campaign_dpcpp\k_means\migration\x64\debug\k_means_dpcpp.tlog\dpcpp-cl-clang-cl.68392.read.1.tlog
d:\dev\campaign_dpcpp\k_means\migration\x64\debug\k_means_dpcpp.tlog\dpcpp-cl-clang-cl.70808.read.1.tlog
d:\dev\campaign_dpcpp\k_means\migration\x64\debug\k_means_dpcpp.tlog\dpcpp-cl-clang-cl.71192.delete.1.tlog
d:\dev\campaign_dpcpp\k_means\migration\x64\debug\k_means_dpcpp.tlog\dpcpp-cl-clang-cl.71192.read.1.tlog
d:\dev\campaign_dpcpp\k_means\migration\x64\debug\k_means_dpcpp.tlog\dpcpp-cl-clang-cl.71192.write.1.tlog
d:\dev\campaign_dpcpp\k_means\migration\x64\debug\k_means_dpcpp.tlog\dpcpp-cl-clang-cl.71908.delete.1.tlog
d:\dev\campaign_dpcpp\k_means\migration\x64\debug\k_means_dpcpp.tlog\dpcpp-cl-clang-cl.71908.read.1.tlog
d:\dev\campaign_dpcpp\k_means\migration\x64\debug\k_means_dpcpp.tlog\dpcpp-cl-clang-cl.71908.write.1.tlog
d:\dev\campaign_dpcpp\k_means\migration\x64\debug\k_means_dpcpp.tlog\dpcpp-cl-clang-cl.72376.delete.1.tlog
d:\dev\campaign_dpcpp\k_means\migration\x64\debug\k_means_dpcpp.tlog\dpcpp-cl-clang-cl.72376.read.1.tlog
d:\dev\campaign_dpcpp\k_means\migration\x64\debug\k_means_dpcpp.tlog\dpcpp-cl-clang-cl.72376.write.1.tlog
d:\dev\campaign_dpcpp\k_means\migration\x64\debug\k_means_dpcpp.tlog\dpcpp-cl-clang-cl.73512.delete.1.tlog
d:\dev\campaign_dpcpp\k_means\migration\x64\debug\k_means_dpcpp.tlog\dpcpp-cl-clang-cl.73512.read.1.tlog
d:\dev\campaign_dpcpp\k_means\migration\x64\debug\k_means_dpcpp.tlog\dpcpp-cl-clang-cl.73512.write.1.tlog
d:\dev\campaign_dpcpp\k_means\migration\x64\debug\k_means_dpcpp.tlog\dpcpp-cl-clang-cl.74616.delete.1.tlog
d:\dev\campaign_dpcpp\k_means\migration\x64\debug\k_means_dpcpp.tlog\dpcpp-cl-clang-cl.74616.read.1.tlog
d:\dev\campaign_dpcpp\k_means\migration\x64\debug\k_means_dpcpp.tlog\dpcpp-cl-clang-cl.74616.write.1.tlog
d:\dev\campaign_dpcpp\k_means\migration\x64\debug\k_means_dpcpp.tlog\dpcpp-cl-clang-cl.75016.delete.1.tlog
d:\dev\campaign_dpcpp\k_means\migration\x64\debug\k_means_dpcpp.tlog\dpcpp-cl-clang-cl.75016.read.1.tlog
d:\dev\campaign_dpcpp\k_means\migration\x64\debug\k_means_dpcpp.tlog\dpcpp-cl-clang-cl.75016.write.1.tlog
d:\dev\campaign_dpcpp\k_means\migration\x64\debug\k_means_dpcpp.tlog\dpcpp-cl-clang-cl.75700.delete.1.tlog
d:\dev\campaign_dpcpp\k_means\migration\x64\debug\k_means_dpcpp.tlog\dpcpp-cl-clang-cl.75700.read.1.tlog
d:\dev\campaign_dpcpp\k_means\migration\x64\debug\k_means_dpcpp.tlog\dpcpp-cl-clang-cl.75700.write.1.tlog
d:\dev\campaign_dpcpp\k_means\migration\x64\debug\k_means_dpcpp.tlog\dpcpp-cl-clang-cl.77452.read.1.tlog
d:\dev\campaign_dpcpp\k_means\migration\x64\debug\k_means_dpcpp.tlog\dpcpp-cl-clang-cl.77452.write.1.tlog
d:\dev\campaign_dpcpp\k_means\migration\x64\debug\k_means_dpcpp.tlog\dpcpp-cl-clang-cl.78804.delete.1.tlog
d:\dev\campaign_dpcpp\k_means\migration\x64\debug\k_means_dpcpp.tlog\dpcpp-cl-clang-cl.78804.read.1.tlog
d:\dev\campaign_dpcpp\k_means\migration\x64\debug\k_means_dpcpp.tlog\dpcpp-cl-clang-cl.78804.write.1.tlog
d:\dev\campaign_dpcpp\k_means\migration\x64\debug\k_means_dpcpp.tlog\dpcpp-cl-clang-cl.81056.delete.1.tlog
d:\dev\campaign_dpcpp\k_means\migration\x64\debug\k_means_dpcpp.tlog\dpcpp-cl-clang-cl.81056.read.1.tlog
d:\dev\campaign_dpcpp\k_means\migration\x64\debug\k_means_dpcpp.tlog\dpcpp-cl-clang-cl.81056.write.1.tlog
d:\dev\campaign_dpcpp\k_means\migration\x64\debug\k_means_dpcpp.tlog\dpcpp-cl-clang-cl.81124.delete.1.tlog
d:\dev\campaign_dpcpp\k_means\migration\x64\debug\k_means_dpcpp.tlog\dpcpp-cl-clang-cl.81124.read.1.tlog
d:\dev\campaign_dpcpp\k_means\migration\x64\debug\k_means_dpcpp.tlog\dpcpp-cl-clang-cl.81124.write.1.tlog
d:\dev\campaign_dpcpp\k_means\migration\x64\debug\k_means_dpcpp.tlog\dpcpp-cl-clang-cl.81764.delete.1.tlog
d:\dev\campaign_dpcpp\k_means\migration\x64\debug\k_means_dpcpp.tlog\dpcpp-cl-clang-cl.81764.read.1.tlog
d:\dev\campaign_dpcpp\k_means\migration\x64\debug\k_means_dpcpp.tlog\dpcpp-cl-clang-cl.81764.write.1.tlog
d:\dev\campaign_dpcpp\k_means\migration\x64\debug\k_means_dpcpp.tlog\dpcpp-cl-clang-cl.read.1.tlog
d:\dev\campaign_dpcpp\k_means\migration\x64\debug\k_means_dpcpp.tlog\dpcpp-cl-clang-cl.write.1.tlog
d:\dev\campaign_dpcpp\k_means\migration\x64\debug\k_means_dpcpp.tlog\dpcpp-cl.read.1.tlog
d:\dev\campaign_dpcpp\k_means\migration\x64\debug\k_means_dpcpp.tlog\dpcpp.command.1.tlog
d:\dev\campaign_dpcpp\k_means\migration\x64\debug\k_means_dpcpp.tlog\dpcpplink.command.1.tlog
