d:\dev\campaign_dpcpp\kmedoids\migration\x64\debug\kernel.dp.obj
d:\dev\campaign_dpcpp\kmedoids\migration\x64\debug\kmedoidsgpu.dp.obj
d:\dev\campaign_dpcpp\x64\debug\kmedoids_dpcpp.exe
d:\dev\campaign_dpcpp\x64\debug\kmedoids_dpcpp.ilk
d:\dev\campaign_dpcpp\x64\debug\kmedoids_dpcpp.pdb
d:\dev\campaign_dpcpp\kmedoids\migration\x64\debug\kmedoids_dpcpp.tlog\dpcpp-cl-clang-cl-clang-offload-bundler-llvm-objcopy.74792.delete.1.tlog
d:\dev\campaign_dpcpp\kmedoids\migration\x64\debug\kmedoids_dpcpp.tlog\dpcpp-cl-clang-cl-clang-offload-bundler-llvm-objcopy.74792.read.1.tlog
d:\dev\campaign_dpcpp\kmedoids\migration\x64\debug\kmedoids_dpcpp.tlog\dpcpp-cl-clang-cl-clang-offload-bundler-llvm-objcopy.74792.write.1.tlog
d:\dev\campaign_dpcpp\kmedoids\migration\x64\debug\kmedoids_dpcpp.tlog\dpcpp-cl-clang-cl-clang-offload-bundler-llvm-objcopy.80432.delete.1.tlog
d:\dev\campaign_dpcpp\kmedoids\migration\x64\debug\kmedoids_dpcpp.tlog\dpcpp-cl-clang-cl-clang-offload-bundler-llvm-objcopy.80432.read.1.tlog
d:\dev\campaign_dpcpp\kmedoids\migration\x64\debug\kmedoids_dpcpp.tlog\dpcpp-cl-clang-cl-clang-offload-bundler-llvm-objcopy.80432.write.1.tlog
d:\dev\campaign_dpcpp\kmedoids\migration\x64\debug\kmedoids_dpcpp.tlog\dpcpp-cl-clang-cl-clang-offload-bundler-llvm-objcopy.81224.delete.1.tlog
d:\dev\campaign_dpcpp\kmedoids\migration\x64\debug\kmedoids_dpcpp.tlog\dpcpp-cl-clang-cl-clang-offload-bundler-llvm-objcopy.81224.read.1.tlog
d:\dev\campaign_dpcpp\kmedoids\migration\x64\debug\kmedoids_dpcpp.tlog\dpcpp-cl-clang-cl-clang-offload-bundler-llvm-objcopy.81224.write.1.tlog
d:\dev\campaign_dpcpp\kmedoids\migration\x64\debug\kmedoids_dpcpp.tlog\dpcpp-cl-clang-cl-clang-offload-bundler-llvm-objcopy.81860.delete.1.tlog
d:\dev\campaign_dpcpp\kmedoids\migration\x64\debug\kmedoids_dpcpp.tlog\dpcpp-cl-clang-cl-clang-offload-bundler-llvm-objcopy.81860.read.1.tlog
d:\dev\campaign_dpcpp\kmedoids\migration\x64\debug\kmedoids_dpcpp.tlog\dpcpp-cl-clang-cl-clang-offload-bundler-llvm-objcopy.81860.write.1.tlog
d:\dev\campaign_dpcpp\kmedoids\migration\x64\debug\kmedoids_dpcpp.tlog\dpcpp-cl-clang-cl-clang-offload-bundler-llvm-objcopy.delete.1.tlog
d:\dev\campaign_dpcpp\kmedoids\migration\x64\debug\kmedoids_dpcpp.tlog\dpcpp-cl-clang-cl-clang-offload-bundler-llvm-objcopy.read.1.tlog
d:\dev\campaign_dpcpp\kmedoids\migration\x64\debug\kmedoids_dpcpp.tlog\dpcpp-cl-clang-cl-clang-offload-bundler-llvm-objcopy.write.1.tlog
d:\dev\campaign_dpcpp\kmedoids\migration\x64\debug\kmedoids_dpcpp.tlog\dpcpp-cl-clang-cl-clang-offload-bundler.4860.read.1.tlog
d:\dev\campaign_dpcpp\kmedoids\migration\x64\debug\kmedoids_dpcpp.tlog\dpcpp-cl-clang-cl-clang-offload-bundler.4860.write.1.tlog
d:\dev\campaign_dpcpp\kmedoids\migration\x64\debug\kmedoids_dpcpp.tlog\dpcpp-cl-clang-cl-clang-offload-bundler.62660-llvm-objcopy.59028.delete.1.tlog
d:\dev\campaign_dpcpp\kmedoids\migration\x64\debug\kmedoids_dpcpp.tlog\dpcpp-cl-clang-cl-clang-offload-bundler.62660-llvm-objcopy.59028.read.1.tlog
d:\dev\campaign_dpcpp\kmedoids\migration\x64\debug\kmedoids_dpcpp.tlog\dpcpp-cl-clang-cl-clang-offload-bundler.62660-llvm-objcopy.59028.write.1.tlog
d:\dev\campaign_dpcpp\kmedoids\migration\x64\debug\kmedoids_dpcpp.tlog\dpcpp-cl-clang-cl-clang-offload-bundler.62660-llvm-objcopy.delete.1.tlog
d:\dev\campaign_dpcpp\kmedoids\migration\x64\debug\kmedoids_dpcpp.tlog\dpcpp-cl-clang-cl-clang-offload-bundler.62660-llvm-objcopy.read.1.tlog
d:\dev\campaign_dpcpp\kmedoids\migration\x64\debug\kmedoids_dpcpp.tlog\dpcpp-cl-clang-cl-clang-offload-bundler.62660-llvm-objcopy.write.1.tlog
d:\dev\campaign_dpcpp\kmedoids\migration\x64\debug\kmedoids_dpcpp.tlog\dpcpp-cl-clang-cl-clang-offload-bundler.62660.read.1.tlog
d:\dev\campaign_dpcpp\kmedoids\migration\x64\debug\kmedoids_dpcpp.tlog\dpcpp-cl-clang-cl-clang-offload-bundler.62660.write.1.tlog
d:\dev\campaign_dpcpp\kmedoids\migration\x64\debug\kmedoids_dpcpp.tlog\dpcpp-cl-clang-cl-clang-offload-bundler.68760.read.1.tlog
d:\dev\campaign_dpcpp\kmedoids\migration\x64\debug\kmedoids_dpcpp.tlog\dpcpp-cl-clang-cl-clang-offload-bundler.68760.write.1.tlog
d:\dev\campaign_dpcpp\kmedoids\migration\x64\debug\kmedoids_dpcpp.tlog\dpcpp-cl-clang-cl-clang-offload-bundler.69572.read.1.tlog
d:\dev\campaign_dpcpp\kmedoids\migration\x64\debug\kmedoids_dpcpp.tlog\dpcpp-cl-clang-cl-clang-offload-bundler.69572.write.1.tlog
d:\dev\campaign_dpcpp\kmedoids\migration\x64\debug\kmedoids_dpcpp.tlog\dpcpp-cl-clang-cl-clang-offload-bundler.80332-llvm-objcopy.18452.delete.1.tlog
d:\dev\campaign_dpcpp\kmedoids\migration\x64\debug\kmedoids_dpcpp.tlog\dpcpp-cl-clang-cl-clang-offload-bundler.80332-llvm-objcopy.18452.read.1.tlog
d:\dev\campaign_dpcpp\kmedoids\migration\x64\debug\kmedoids_dpcpp.tlog\dpcpp-cl-clang-cl-clang-offload-bundler.80332-llvm-objcopy.18452.write.1.tlog
d:\dev\campaign_dpcpp\kmedoids\migration\x64\debug\kmedoids_dpcpp.tlog\dpcpp-cl-clang-cl-clang-offload-bundler.80332-llvm-objcopy.delete.1.tlog
d:\dev\campaign_dpcpp\kmedoids\migration\x64\debug\kmedoids_dpcpp.tlog\dpcpp-cl-clang-cl-clang-offload-bundler.80332-llvm-objcopy.read.1.tlog
d:\dev\campaign_dpcpp\kmedoids\migration\x64\debug\kmedoids_dpcpp.tlog\dpcpp-cl-clang-cl-clang-offload-bundler.80332-llvm-objcopy.write.1.tlog
d:\dev\campaign_dpcpp\kmedoids\migration\x64\debug\kmedoids_dpcpp.tlog\dpcpp-cl-clang-cl-clang-offload-bundler.80332.read.1.tlog
d:\dev\campaign_dpcpp\kmedoids\migration\x64\debug\kmedoids_dpcpp.tlog\dpcpp-cl-clang-cl-clang-offload-bundler.80332.write.1.tlog
d:\dev\campaign_dpcpp\kmedoids\migration\x64\debug\kmedoids_dpcpp.tlog\dpcpp-cl-clang-cl-clang-offload-bundler.8516.read.1.tlog
d:\dev\campaign_dpcpp\kmedoids\migration\x64\debug\kmedoids_dpcpp.tlog\dpcpp-cl-clang-cl-clang-offload-bundler.8516.write.1.tlog
d:\dev\campaign_dpcpp\kmedoids\migration\x64\debug\kmedoids_dpcpp.tlog\dpcpp-cl-clang-cl-clang-offload-bundler.8708.read.1.tlog
d:\dev\campaign_dpcpp\kmedoids\migration\x64\debug\kmedoids_dpcpp.tlog\dpcpp-cl-clang-cl-clang-offload-bundler.8708.write.1.tlog
d:\dev\campaign_dpcpp\kmedoids\migration\x64\debug\kmedoids_dpcpp.tlog\dpcpp-cl-clang-cl-clang-offload-bundler.read.1.tlog
d:\dev\campaign_dpcpp\kmedoids\migration\x64\debug\kmedoids_dpcpp.tlog\dpcpp-cl-clang-cl-clang-offload-bundler.write.1.tlog
d:\dev\campaign_dpcpp\kmedoids\migration\x64\debug\kmedoids_dpcpp.tlog\dpcpp-cl-clang-cl-clang-offload-wrapper.read.1.tlog
d:\dev\campaign_dpcpp\kmedoids\migration\x64\debug\kmedoids_dpcpp.tlog\dpcpp-cl-clang-cl-clang-offload-wrapper.write.1.tlog
d:\dev\campaign_dpcpp\kmedoids\migration\x64\debug\kmedoids_dpcpp.tlog\dpcpp-cl-clang-cl-file-table-tform.75148.read.1.tlog
d:\dev\campaign_dpcpp\kmedoids\migration\x64\debug\kmedoids_dpcpp.tlog\dpcpp-cl-clang-cl-file-table-tform.75148.write.1.tlog
d:\dev\campaign_dpcpp\kmedoids\migration\x64\debug\kmedoids_dpcpp.tlog\dpcpp-cl-clang-cl-file-table-tform.80116.read.1.tlog
d:\dev\campaign_dpcpp\kmedoids\migration\x64\debug\kmedoids_dpcpp.tlog\dpcpp-cl-clang-cl-file-table-tform.80116.write.1.tlog
d:\dev\campaign_dpcpp\kmedoids\migration\x64\debug\kmedoids_dpcpp.tlog\dpcpp-cl-clang-cl-file-table-tform.81364.read.1.tlog
d:\dev\campaign_dpcpp\kmedoids\migration\x64\debug\kmedoids_dpcpp.tlog\dpcpp-cl-clang-cl-file-table-tform.81364.write.1.tlog
d:\dev\campaign_dpcpp\kmedoids\migration\x64\debug\kmedoids_dpcpp.tlog\dpcpp-cl-clang-cl-file-table-tform.81376.read.1.tlog
d:\dev\campaign_dpcpp\kmedoids\migration\x64\debug\kmedoids_dpcpp.tlog\dpcpp-cl-clang-cl-file-table-tform.81376.write.1.tlog
d:\dev\campaign_dpcpp\kmedoids\migration\x64\debug\kmedoids_dpcpp.tlog\dpcpp-cl-clang-cl-file-table-tform.81788.read.1.tlog
d:\dev\campaign_dpcpp\kmedoids\migration\x64\debug\kmedoids_dpcpp.tlog\dpcpp-cl-clang-cl-file-table-tform.81788.write.1.tlog
d:\dev\campaign_dpcpp\kmedoids\migration\x64\debug\kmedoids_dpcpp.tlog\dpcpp-cl-clang-cl-file-table-tform.read.1.tlog
d:\dev\campaign_dpcpp\kmedoids\migration\x64\debug\kmedoids_dpcpp.tlog\dpcpp-cl-clang-cl-file-table-tform.write.1.tlog
d:\dev\campaign_dpcpp\kmedoids\migration\x64\debug\kmedoids_dpcpp.tlog\dpcpp-cl-clang-cl-link.25060.read.1.tlog
d:\dev\campaign_dpcpp\kmedoids\migration\x64\debug\kmedoids_dpcpp.tlog\dpcpp-cl-clang-cl-link.25060.read.2.tlog
d:\dev\campaign_dpcpp\kmedoids\migration\x64\debug\kmedoids_dpcpp.tlog\dpcpp-cl-clang-cl-link.25060.write.1.tlog
d:\dev\campaign_dpcpp\kmedoids\migration\x64\debug\kmedoids_dpcpp.tlog\dpcpp-cl-clang-cl-link.31612.read.1.tlog
d:\dev\campaign_dpcpp\kmedoids\migration\x64\debug\kmedoids_dpcpp.tlog\dpcpp-cl-clang-cl-link.31612.read.2.tlog
d:\dev\campaign_dpcpp\kmedoids\migration\x64\debug\kmedoids_dpcpp.tlog\dpcpp-cl-clang-cl-link.31612.write.1.tlog
d:\dev\campaign_dpcpp\kmedoids\migration\x64\debug\kmedoids_dpcpp.tlog\dpcpp-cl-clang-cl-link.34608.read.1.tlog
d:\dev\campaign_dpcpp\kmedoids\migration\x64\debug\kmedoids_dpcpp.tlog\dpcpp-cl-clang-cl-link.34608.read.2.tlog
d:\dev\campaign_dpcpp\kmedoids\migration\x64\debug\kmedoids_dpcpp.tlog\dpcpp-cl-clang-cl-link.34608.write.1.tlog
d:\dev\campaign_dpcpp\kmedoids\migration\x64\debug\kmedoids_dpcpp.tlog\dpcpp-cl-clang-cl-link.4700.read.1.tlog
d:\dev\campaign_dpcpp\kmedoids\migration\x64\debug\kmedoids_dpcpp.tlog\dpcpp-cl-clang-cl-link.4700.read.2.tlog
d:\dev\campaign_dpcpp\kmedoids\migration\x64\debug\kmedoids_dpcpp.tlog\dpcpp-cl-clang-cl-link.4700.write.1.tlog
d:\dev\campaign_dpcpp\kmedoids\migration\x64\debug\kmedoids_dpcpp.tlog\dpcpp-cl-clang-cl-link.read.1.tlog
d:\dev\campaign_dpcpp\kmedoids\migration\x64\debug\kmedoids_dpcpp.tlog\dpcpp-cl-clang-cl-link.read.2.tlog
d:\dev\campaign_dpcpp\kmedoids\migration\x64\debug\kmedoids_dpcpp.tlog\dpcpp-cl-clang-cl-link.write.1.tlog
d:\dev\campaign_dpcpp\kmedoids\migration\x64\debug\kmedoids_dpcpp.tlog\dpcpp-cl-clang-cl-llc.read.1.tlog
d:\dev\campaign_dpcpp\kmedoids\migration\x64\debug\kmedoids_dpcpp.tlog\dpcpp-cl-clang-cl-llc.write.1.tlog
d:\dev\campaign_dpcpp\kmedoids\migration\x64\debug\kmedoids_dpcpp.tlog\dpcpp-cl-clang-cl-llvm-foreach-llvm-spirv.read.1.tlog
d:\dev\campaign_dpcpp\kmedoids\migration\x64\debug\kmedoids_dpcpp.tlog\dpcpp-cl-clang-cl-llvm-foreach-llvm-spirv.write.1.tlog
d:\dev\campaign_dpcpp\kmedoids\migration\x64\debug\kmedoids_dpcpp.tlog\dpcpp-cl-clang-cl-llvm-foreach.read.1.tlog
d:\dev\campaign_dpcpp\kmedoids\migration\x64\debug\kmedoids_dpcpp.tlog\dpcpp-cl-clang-cl-llvm-foreach.write.1.tlog
d:\dev\campaign_dpcpp\kmedoids\migration\x64\debug\kmedoids_dpcpp.tlog\dpcpp-cl-clang-cl-llvm-link.read.1.tlog
d:\dev\campaign_dpcpp\kmedoids\migration\x64\debug\kmedoids_dpcpp.tlog\dpcpp-cl-clang-cl-llvm-link.write.1.tlog
d:\dev\campaign_dpcpp\kmedoids\migration\x64\debug\kmedoids_dpcpp.tlog\dpcpp-cl-clang-cl-sycl-post-link.read.1.tlog
d:\dev\campaign_dpcpp\kmedoids\migration\x64\debug\kmedoids_dpcpp.tlog\dpcpp-cl-clang-cl-sycl-post-link.write.1.tlog
d:\dev\campaign_dpcpp\kmedoids\migration\x64\debug\kmedoids_dpcpp.tlog\dpcpp-cl-clang-cl.1552.delete.1.tlog
d:\dev\campaign_dpcpp\kmedoids\migration\x64\debug\kmedoids_dpcpp.tlog\dpcpp-cl-clang-cl.1552.read.1.tlog
d:\dev\campaign_dpcpp\kmedoids\migration\x64\debug\kmedoids_dpcpp.tlog\dpcpp-cl-clang-cl.1552.write.1.tlog
d:\dev\campaign_dpcpp\kmedoids\migration\x64\debug\kmedoids_dpcpp.tlog\dpcpp-cl-clang-cl.19692.delete.1.tlog
d:\dev\campaign_dpcpp\kmedoids\migration\x64\debug\kmedoids_dpcpp.tlog\dpcpp-cl-clang-cl.19692.read.1.tlog
d:\dev\campaign_dpcpp\kmedoids\migration\x64\debug\kmedoids_dpcpp.tlog\dpcpp-cl-clang-cl.19692.write.1.tlog
d:\dev\campaign_dpcpp\kmedoids\migration\x64\debug\kmedoids_dpcpp.tlog\dpcpp-cl-clang-cl.20132.delete.1.tlog
d:\dev\campaign_dpcpp\kmedoids\migration\x64\debug\kmedoids_dpcpp.tlog\dpcpp-cl-clang-cl.20132.read.1.tlog
d:\dev\campaign_dpcpp\kmedoids\migration\x64\debug\kmedoids_dpcpp.tlog\dpcpp-cl-clang-cl.20132.write.1.tlog
d:\dev\campaign_dpcpp\kmedoids\migration\x64\debug\kmedoids_dpcpp.tlog\dpcpp-cl-clang-cl.2624.delete.1.tlog
d:\dev\campaign_dpcpp\kmedoids\migration\x64\debug\kmedoids_dpcpp.tlog\dpcpp-cl-clang-cl.2624.read.1.tlog
d:\dev\campaign_dpcpp\kmedoids\migration\x64\debug\kmedoids_dpcpp.tlog\dpcpp-cl-clang-cl.2624.write.1.tlog
d:\dev\campaign_dpcpp\kmedoids\migration\x64\debug\kmedoids_dpcpp.tlog\dpcpp-cl-clang-cl.33912.read.1.tlog
d:\dev\campaign_dpcpp\kmedoids\migration\x64\debug\kmedoids_dpcpp.tlog\dpcpp-cl-clang-cl.33912.write.1.tlog
d:\dev\campaign_dpcpp\kmedoids\migration\x64\debug\kmedoids_dpcpp.tlog\dpcpp-cl-clang-cl.66892.read.1.tlog
d:\dev\campaign_dpcpp\kmedoids\migration\x64\debug\kmedoids_dpcpp.tlog\dpcpp-cl-clang-cl.66892.write.1.tlog
d:\dev\campaign_dpcpp\kmedoids\migration\x64\debug\kmedoids_dpcpp.tlog\dpcpp-cl-clang-cl.67032.delete.1.tlog
d:\dev\campaign_dpcpp\kmedoids\migration\x64\debug\kmedoids_dpcpp.tlog\dpcpp-cl-clang-cl.67032.read.1.tlog
d:\dev\campaign_dpcpp\kmedoids\migration\x64\debug\kmedoids_dpcpp.tlog\dpcpp-cl-clang-cl.67032.write.1.tlog
d:\dev\campaign_dpcpp\kmedoids\migration\x64\debug\kmedoids_dpcpp.tlog\dpcpp-cl-clang-cl.72940.read.1.tlog
d:\dev\campaign_dpcpp\kmedoids\migration\x64\debug\kmedoids_dpcpp.tlog\dpcpp-cl-clang-cl.73316.read.1.tlog
d:\dev\campaign_dpcpp\kmedoids\migration\x64\debug\kmedoids_dpcpp.tlog\dpcpp-cl-clang-cl.74148.read.1.tlog
d:\dev\campaign_dpcpp\kmedoids\migration\x64\debug\kmedoids_dpcpp.tlog\dpcpp-cl-clang-cl.75272.delete.1.tlog
d:\dev\campaign_dpcpp\kmedoids\migration\x64\debug\kmedoids_dpcpp.tlog\dpcpp-cl-clang-cl.75272.read.1.tlog
d:\dev\campaign_dpcpp\kmedoids\migration\x64\debug\kmedoids_dpcpp.tlog\dpcpp-cl-clang-cl.75272.write.1.tlog
d:\dev\campaign_dpcpp\kmedoids\migration\x64\debug\kmedoids_dpcpp.tlog\dpcpp-cl-clang-cl.78532.delete.1.tlog
d:\dev\campaign_dpcpp\kmedoids\migration\x64\debug\kmedoids_dpcpp.tlog\dpcpp-cl-clang-cl.78532.read.1.tlog
d:\dev\campaign_dpcpp\kmedoids\migration\x64\debug\kmedoids_dpcpp.tlog\dpcpp-cl-clang-cl.78532.write.1.tlog
d:\dev\campaign_dpcpp\kmedoids\migration\x64\debug\kmedoids_dpcpp.tlog\dpcpp-cl-clang-cl.78696.delete.1.tlog
d:\dev\campaign_dpcpp\kmedoids\migration\x64\debug\kmedoids_dpcpp.tlog\dpcpp-cl-clang-cl.78696.read.1.tlog
d:\dev\campaign_dpcpp\kmedoids\migration\x64\debug\kmedoids_dpcpp.tlog\dpcpp-cl-clang-cl.78696.write.1.tlog
d:\dev\campaign_dpcpp\kmedoids\migration\x64\debug\kmedoids_dpcpp.tlog\dpcpp-cl-clang-cl.79612.delete.1.tlog
d:\dev\campaign_dpcpp\kmedoids\migration\x64\debug\kmedoids_dpcpp.tlog\dpcpp-cl-clang-cl.79612.read.1.tlog
d:\dev\campaign_dpcpp\kmedoids\migration\x64\debug\kmedoids_dpcpp.tlog\dpcpp-cl-clang-cl.79612.write.1.tlog
d:\dev\campaign_dpcpp\kmedoids\migration\x64\debug\kmedoids_dpcpp.tlog\dpcpp-cl-clang-cl.79988.read.1.tlog
d:\dev\campaign_dpcpp\kmedoids\migration\x64\debug\kmedoids_dpcpp.tlog\dpcpp-cl-clang-cl.79988.write.1.tlog
d:\dev\campaign_dpcpp\kmedoids\migration\x64\debug\kmedoids_dpcpp.tlog\dpcpp-cl-clang-cl.80060.delete.1.tlog
d:\dev\campaign_dpcpp\kmedoids\migration\x64\debug\kmedoids_dpcpp.tlog\dpcpp-cl-clang-cl.80060.read.1.tlog
d:\dev\campaign_dpcpp\kmedoids\migration\x64\debug\kmedoids_dpcpp.tlog\dpcpp-cl-clang-cl.80060.write.1.tlog
d:\dev\campaign_dpcpp\kmedoids\migration\x64\debug\kmedoids_dpcpp.tlog\dpcpp-cl-clang-cl.80700.read.1.tlog
d:\dev\campaign_dpcpp\kmedoids\migration\x64\debug\kmedoids_dpcpp.tlog\dpcpp-cl-clang-cl.81164.read.1.tlog
d:\dev\campaign_dpcpp\kmedoids\migration\x64\debug\kmedoids_dpcpp.tlog\dpcpp-cl-clang-cl.81164.write.1.tlog
d:\dev\campaign_dpcpp\kmedoids\migration\x64\debug\kmedoids_dpcpp.tlog\dpcpp-cl-clang-cl.81436.delete.1.tlog
d:\dev\campaign_dpcpp\kmedoids\migration\x64\debug\kmedoids_dpcpp.tlog\dpcpp-cl-clang-cl.81436.read.1.tlog
d:\dev\campaign_dpcpp\kmedoids\migration\x64\debug\kmedoids_dpcpp.tlog\dpcpp-cl-clang-cl.81436.write.1.tlog
d:\dev\campaign_dpcpp\kmedoids\migration\x64\debug\kmedoids_dpcpp.tlog\dpcpp-cl-clang-cl.8516.delete.1.tlog
d:\dev\campaign_dpcpp\kmedoids\migration\x64\debug\kmedoids_dpcpp.tlog\dpcpp-cl-clang-cl.8516.read.1.tlog
d:\dev\campaign_dpcpp\kmedoids\migration\x64\debug\kmedoids_dpcpp.tlog\dpcpp-cl-clang-cl.8516.write.1.tlog
d:\dev\campaign_dpcpp\kmedoids\migration\x64\debug\kmedoids_dpcpp.tlog\dpcpp-cl-clang-cl.read.1.tlog
d:\dev\campaign_dpcpp\kmedoids\migration\x64\debug\kmedoids_dpcpp.tlog\dpcpp-cl-clang-cl.write.1.tlog
d:\dev\campaign_dpcpp\kmedoids\migration\x64\debug\kmedoids_dpcpp.tlog\dpcpp-cl.read.1.tlog
d:\dev\campaign_dpcpp\kmedoids\migration\x64\debug\kmedoids_dpcpp.tlog\dpcpp.command.1.tlog
d:\dev\campaign_dpcpp\kmedoids\migration\x64\debug\kmedoids_dpcpp.tlog\dpcpplink.command.1.tlog
