kernel.dp.cpp(48,10): : warning : non-portable path to file '"kmedoidsgpu.h"'; specified path differs in case from file name on disk [-Wnonportable-include-path]
  #include "kmedoidsGPU.h"
           ^~~~~~~~~~~~~~~
           "kmedoidsgpu.h"
  In file included from kernel.dp.cpp:48:
./kmedoidsGPU.h(99,13): : warning : unused function 'assignToClusters_KMDCUDA' [-Wunused-function]
  static void assignToClusters_KMDCUDA(int N, int K, int D, FLOAT_TYPE* X, FLOAT_TYPE* CTR, int* ASSIGN);
              ^
./kmedoidsGPU.h(114,13): : warning : unused function 'calcScoreSorted_CUDA' [-Wunused-function]
  static void calcScoreSorted_CUDA(int N, int D, FLOAT_TYPE* X, FLOAT_TYPE* CTR, FLOAT_TYPE* SCORE, int* SEGOFFSET);
              ^
./kmedoidsGPU.h(132,13): : warning : unused function 'calcNewScoreSortedAndSwap_CUDA' [-Wunused-function]
  static void calcNewScoreSortedAndSwap_CUDA(int N, int D, FLOAT_TYPE* X, FLOAT_TYPE* CTR, FLOAT_TYPE* CTR2, int* INDEX, FLOAT_TYPE* SCORE, int* SEGOFFSET, int* MEDOID, int* RANDOM);
              ^
./kmedoidsGPU.h(161,13): : warning : unused function 'sort_getSegmentSize_CUDA' [-Wunused-function]
  static void sort_getSegmentSize_CUDA(int N, int* ASSIGN, int* SEGSIZE);
              ^
./kmedoidsGPU.h(179,13): : warning : unused function 'sort_moveData_CUDA' [-Wunused-function]
  static void sort_moveData_CUDA(int N, int D, FLOAT_TYPE* X, FLOAT_TYPE* X2, int* INDEX, int* INDEX2, int* ASSIGN, int* SEGOFFSET);
              ^
  6 warnings generated.
kernel.dp.cpp(48,10): : warning : non-portable path to file '"kmedoidsgpu.h"'; specified path differs in case from file name on disk [-Wnonportable-include-path]
  #include "kmedoidsGPU.h"
           ^~~~~~~~~~~~~~~
           "kmedoidsgpu.h"
  In file included from kernel.dp.cpp:48:
./kmedoidsGPU.h(99,13): : warning : unused function 'assignToClusters_KMDCUDA' [-Wunused-function]
  static void assignToClusters_KMDCUDA(int N, int K, int D, FLOAT_TYPE* X, FLOAT_TYPE* CTR, int* ASSIGN);
              ^
./kmedoidsGPU.h(114,13): : warning : unused function 'calcScoreSorted_CUDA' [-Wunused-function]
  static void calcScoreSorted_CUDA(int N, int D, FLOAT_TYPE* X, FLOAT_TYPE* CTR, FLOAT_TYPE* SCORE, int* SEGOFFSET);
              ^
./kmedoidsGPU.h(132,13): : warning : unused function 'calcNewScoreSortedAndSwap_CUDA' [-Wunused-function]
  static void calcNewScoreSortedAndSwap_CUDA(int N, int D, FLOAT_TYPE* X, FLOAT_TYPE* CTR, FLOAT_TYPE* CTR2, int* INDEX, FLOAT_TYPE* SCORE, int* SEGOFFSET, int* MEDOID, int* RANDOM);
              ^
./kmedoidsGPU.h(161,13): : warning : unused function 'sort_getSegmentSize_CUDA' [-Wunused-function]
  static void sort_getSegmentSize_CUDA(int N, int* ASSIGN, int* SEGSIZE);
              ^
./kmedoidsGPU.h(179,13): : warning : unused function 'sort_moveData_CUDA' [-Wunused-function]
  static void sort_moveData_CUDA(int N, int D, FLOAT_TYPE* X, FLOAT_TYPE* X2, int* INDEX, int* INDEX2, int* ASSIGN, int* SEGOFFSET);
              ^
  6 warnings generated.
kernel.dp.cpp(48,10): : warning : non-portable path to file '"kmedoidsgpu.h"'; specified path differs in case from file name on disk [-Wnonportable-include-path]
  #include "kmedoidsGPU.h"
           ^~~~~~~~~~~~~~~
           "kmedoidsgpu.h"
  In file included from kernel.dp.cpp:48:
./kmedoidsGPU.h(99,13): : warning : unused function 'assignToClusters_KMDCUDA' [-Wunused-function]
  static void assignToClusters_KMDCUDA(int N, int K, int D, FLOAT_TYPE* X, FLOAT_TYPE* CTR, int* ASSIGN);
              ^
./kmedoidsGPU.h(114,13): : warning : unused function 'calcScoreSorted_CUDA' [-Wunused-function]
  static void calcScoreSorted_CUDA(int N, int D, FLOAT_TYPE* X, FLOAT_TYPE* CTR, FLOAT_TYPE* SCORE, int* SEGOFFSET);
              ^
./kmedoidsGPU.h(132,13): : warning : unused function 'calcNewScoreSortedAndSwap_CUDA' [-Wunused-function]
  static void calcNewScoreSortedAndSwap_CUDA(int N, int D, FLOAT_TYPE* X, FLOAT_TYPE* CTR, FLOAT_TYPE* CTR2, int* INDEX, FLOAT_TYPE* SCORE, int* SEGOFFSET, int* MEDOID, int* RANDOM);
              ^
./kmedoidsGPU.h(161,13): : warning : unused function 'sort_getSegmentSize_CUDA' [-Wunused-function]
  static void sort_getSegmentSize_CUDA(int N, int* ASSIGN, int* SEGSIZE);
              ^
./kmedoidsGPU.h(179,13): : warning : unused function 'sort_moveData_CUDA' [-Wunused-function]
  static void sort_moveData_CUDA(int N, int D, FLOAT_TYPE* X, FLOAT_TYPE* X2, int* INDEX, int* INDEX2, int* ASSIGN, int* SEGOFFSET);
              ^
  6 warnings generated.
kmedoidsGPU.dp.cpp(47,10): : warning : non-portable path to file '"./kmedoidsgpu.h"'; specified path differs in case from file name on disk [-Wnonportable-include-path]
  #include "./kmedoidsGPU.h"
           ^~~~~~~~~~~~~~~~~
           "./kmedoidsgpu.h"
  In file included from kmedoidsGPU.dp.cpp:47:
././kmedoidsGPU.h(99,13): : warning : unused function 'assignToClusters_KMDCUDA' [-Wunused-function]
  static void assignToClusters_KMDCUDA(int N, int K, int D, FLOAT_TYPE* X, FLOAT_TYPE* CTR, int* ASSIGN);
              ^
././kmedoidsGPU.h(114,13): : warning : unused function 'calcScoreSorted_CUDA' [-Wunused-function]
  static void calcScoreSorted_CUDA(int N, int D, FLOAT_TYPE* X, FLOAT_TYPE* CTR, FLOAT_TYPE* SCORE, int* SEGOFFSET);
              ^
././kmedoidsGPU.h(132,13): : warning : unused function 'calcNewScoreSortedAndSwap_CUDA' [-Wunused-function]
  static void calcNewScoreSortedAndSwap_CUDA(int N, int D, FLOAT_TYPE* X, FLOAT_TYPE* CTR, FLOAT_TYPE* CTR2, int* INDEX, FLOAT_TYPE* SCORE, int* SEGOFFSET, int* MEDOID, int* RANDOM);
              ^
././kmedoidsGPU.h(161,13): : warning : unused function 'sort_getSegmentSize_CUDA' [-Wunused-function]
  static void sort_getSegmentSize_CUDA(int N, int* ASSIGN, int* SEGSIZE);
              ^
././kmedoidsGPU.h(179,13): : warning : unused function 'sort_moveData_CUDA' [-Wunused-function]
  static void sort_moveData_CUDA(int N, int D, FLOAT_TYPE* X, FLOAT_TYPE* X2, int* INDEX, int* INDEX2, int* ASSIGN, int* SEGOFFSET);
              ^
  6 warnings generated.
kmedoidsGPU.dp.cpp(47,10): : warning : non-portable path to file '"./kmedoidsgpu.h"'; specified path differs in case from file name on disk [-Wnonportable-include-path]
  #include "./kmedoidsGPU.h"
           ^~~~~~~~~~~~~~~~~
           "./kmedoidsgpu.h"
  In file included from kmedoidsGPU.dp.cpp:47:
././kmedoidsGPU.h(99,13): : warning : unused function 'assignToClusters_KMDCUDA' [-Wunused-function]
  static void assignToClusters_KMDCUDA(int N, int K, int D, FLOAT_TYPE* X, FLOAT_TYPE* CTR, int* ASSIGN);
              ^
././kmedoidsGPU.h(114,13): : warning : unused function 'calcScoreSorted_CUDA' [-Wunused-function]
  static void calcScoreSorted_CUDA(int N, int D, FLOAT_TYPE* X, FLOAT_TYPE* CTR, FLOAT_TYPE* SCORE, int* SEGOFFSET);
              ^
././kmedoidsGPU.h(132,13): : warning : unused function 'calcNewScoreSortedAndSwap_CUDA' [-Wunused-function]
  static void calcNewScoreSortedAndSwap_CUDA(int N, int D, FLOAT_TYPE* X, FLOAT_TYPE* CTR, FLOAT_TYPE* CTR2, int* INDEX, FLOAT_TYPE* SCORE, int* SEGOFFSET, int* MEDOID, int* RANDOM);
              ^
././kmedoidsGPU.h(161,13): : warning : unused function 'sort_getSegmentSize_CUDA' [-Wunused-function]
  static void sort_getSegmentSize_CUDA(int N, int* ASSIGN, int* SEGSIZE);
              ^
././kmedoidsGPU.h(179,13): : warning : unused function 'sort_moveData_CUDA' [-Wunused-function]
  static void sort_moveData_CUDA(int N, int D, FLOAT_TYPE* X, FLOAT_TYPE* X2, int* INDEX, int* INDEX2, int* ASSIGN, int* SEGOFFSET);
              ^
  6 warnings generated.
kmedoidsGPU.dp.cpp(47,10): : warning : non-portable path to file '"./kmedoidsgpu.h"'; specified path differs in case from file name on disk [-Wnonportable-include-path]
  #include "./kmedoidsGPU.h"
           ^~~~~~~~~~~~~~~~~
           "./kmedoidsgpu.h"
  In file included from kmedoidsGPU.dp.cpp:47:
././kmedoidsGPU.h(99,13): : warning : unused function 'assignToClusters_KMDCUDA' [-Wunused-function]
  static void assignToClusters_KMDCUDA(int N, int K, int D, FLOAT_TYPE* X, FLOAT_TYPE* CTR, int* ASSIGN);
              ^
././kmedoidsGPU.h(114,13): : warning : unused function 'calcScoreSorted_CUDA' [-Wunused-function]
  static void calcScoreSorted_CUDA(int N, int D, FLOAT_TYPE* X, FLOAT_TYPE* CTR, FLOAT_TYPE* SCORE, int* SEGOFFSET);
              ^
././kmedoidsGPU.h(132,13): : warning : unused function 'calcNewScoreSortedAndSwap_CUDA' [-Wunused-function]
  static void calcNewScoreSortedAndSwap_CUDA(int N, int D, FLOAT_TYPE* X, FLOAT_TYPE* CTR, FLOAT_TYPE* CTR2, int* INDEX, FLOAT_TYPE* SCORE, int* SEGOFFSET, int* MEDOID, int* RANDOM);
              ^
././kmedoidsGPU.h(161,13): : warning : unused function 'sort_getSegmentSize_CUDA' [-Wunused-function]
  static void sort_getSegmentSize_CUDA(int N, int* ASSIGN, int* SEGSIZE);
              ^
././kmedoidsGPU.h(179,13): : warning : unused function 'sort_moveData_CUDA' [-Wunused-function]
  static void sort_moveData_CUDA(int N, int D, FLOAT_TYPE* X, FLOAT_TYPE* X2, int* INDEX, int* INDEX2, int* ASSIGN, int* SEGOFFSET);
              ^
  6 warnings generated.
a-a473cf.obj : : warning LNK4078: multiple '__CLANG_OFFLOAD_BUNDLE_SIZE__syc' sections found with different attributes (40100040)
a-a473cf.obj : : warning LNK4078: multiple '__CLANG_OFFLOAD_BUNDLE__sycl-spi' sections found with different attributes (40500040)
