d:\dev\campaign_dpcpp\utils_cuda\migration\x64\debug\dataio.cpp.dp.obj
d:\dev\campaign_dpcpp\utils_cuda\migration\x64\debug\defaults.cpp.dp.obj
d:\dev\campaign_dpcpp\utils_cuda\migration\x64\debug\timing.cpp.dp.obj
d:\dev\campaign_dpcpp\utils_cuda\migration\x64\debug\gpudevices.cpp.dp.obj
d:\dev\campaign_dpcpp\utils_cuda\migration\x64\debug\tokens.cpp.dp.obj
d:\dev\campaign_dpcpp\x64\debug\utils_dpcpp.lib
d:\dev\campaign_dpcpp\utils_cuda\migration\x64\debug\utils_dpcpp.tlog\dpcpp-cl-clang-cl-clang-offload-bundler-llvm-objcopy.73568.delete.1.tlog
d:\dev\campaign_dpcpp\utils_cuda\migration\x64\debug\utils_dpcpp.tlog\dpcpp-cl-clang-cl-clang-offload-bundler-llvm-objcopy.73568.read.1.tlog
d:\dev\campaign_dpcpp\utils_cuda\migration\x64\debug\utils_dpcpp.tlog\dpcpp-cl-clang-cl-clang-offload-bundler-llvm-objcopy.73568.write.1.tlog
d:\dev\campaign_dpcpp\utils_cuda\migration\x64\debug\utils_dpcpp.tlog\dpcpp-cl-clang-cl-clang-offload-bundler-llvm-objcopy.89812.delete.1.tlog
d:\dev\campaign_dpcpp\utils_cuda\migration\x64\debug\utils_dpcpp.tlog\dpcpp-cl-clang-cl-clang-offload-bundler-llvm-objcopy.89812.read.1.tlog
d:\dev\campaign_dpcpp\utils_cuda\migration\x64\debug\utils_dpcpp.tlog\dpcpp-cl-clang-cl-clang-offload-bundler-llvm-objcopy.89812.write.1.tlog
d:\dev\campaign_dpcpp\utils_cuda\migration\x64\debug\utils_dpcpp.tlog\dpcpp-cl-clang-cl-clang-offload-bundler-llvm-objcopy.delete.1.tlog
d:\dev\campaign_dpcpp\utils_cuda\migration\x64\debug\utils_dpcpp.tlog\dpcpp-cl-clang-cl-clang-offload-bundler-llvm-objcopy.read.1.tlog
d:\dev\campaign_dpcpp\utils_cuda\migration\x64\debug\utils_dpcpp.tlog\dpcpp-cl-clang-cl-clang-offload-bundler-llvm-objcopy.write.1.tlog
d:\dev\campaign_dpcpp\utils_cuda\migration\x64\debug\utils_dpcpp.tlog\dpcpp-cl-clang-cl-clang-offload-bundler.1568-llvm-objcopy.82544.delete.1.tlog
d:\dev\campaign_dpcpp\utils_cuda\migration\x64\debug\utils_dpcpp.tlog\dpcpp-cl-clang-cl-clang-offload-bundler.1568-llvm-objcopy.82544.read.1.tlog
d:\dev\campaign_dpcpp\utils_cuda\migration\x64\debug\utils_dpcpp.tlog\dpcpp-cl-clang-cl-clang-offload-bundler.1568-llvm-objcopy.82544.write.1.tlog
d:\dev\campaign_dpcpp\utils_cuda\migration\x64\debug\utils_dpcpp.tlog\dpcpp-cl-clang-cl-clang-offload-bundler.1568-llvm-objcopy.delete.1.tlog
d:\dev\campaign_dpcpp\utils_cuda\migration\x64\debug\utils_dpcpp.tlog\dpcpp-cl-clang-cl-clang-offload-bundler.1568-llvm-objcopy.read.1.tlog
d:\dev\campaign_dpcpp\utils_cuda\migration\x64\debug\utils_dpcpp.tlog\dpcpp-cl-clang-cl-clang-offload-bundler.1568-llvm-objcopy.write.1.tlog
d:\dev\campaign_dpcpp\utils_cuda\migration\x64\debug\utils_dpcpp.tlog\dpcpp-cl-clang-cl-clang-offload-bundler.1568.read.1.tlog
d:\dev\campaign_dpcpp\utils_cuda\migration\x64\debug\utils_dpcpp.tlog\dpcpp-cl-clang-cl-clang-offload-bundler.1568.write.1.tlog
d:\dev\campaign_dpcpp\utils_cuda\migration\x64\debug\utils_dpcpp.tlog\dpcpp-cl-clang-cl-clang-offload-bundler.6656-llvm-objcopy.80880.delete.1.tlog
d:\dev\campaign_dpcpp\utils_cuda\migration\x64\debug\utils_dpcpp.tlog\dpcpp-cl-clang-cl-clang-offload-bundler.6656-llvm-objcopy.80880.read.1.tlog
d:\dev\campaign_dpcpp\utils_cuda\migration\x64\debug\utils_dpcpp.tlog\dpcpp-cl-clang-cl-clang-offload-bundler.6656-llvm-objcopy.80880.write.1.tlog
d:\dev\campaign_dpcpp\utils_cuda\migration\x64\debug\utils_dpcpp.tlog\dpcpp-cl-clang-cl-clang-offload-bundler.6656-llvm-objcopy.delete.1.tlog
d:\dev\campaign_dpcpp\utils_cuda\migration\x64\debug\utils_dpcpp.tlog\dpcpp-cl-clang-cl-clang-offload-bundler.6656-llvm-objcopy.read.1.tlog
d:\dev\campaign_dpcpp\utils_cuda\migration\x64\debug\utils_dpcpp.tlog\dpcpp-cl-clang-cl-clang-offload-bundler.6656-llvm-objcopy.write.1.tlog
d:\dev\campaign_dpcpp\utils_cuda\migration\x64\debug\utils_dpcpp.tlog\dpcpp-cl-clang-cl-clang-offload-bundler.6656.read.1.tlog
d:\dev\campaign_dpcpp\utils_cuda\migration\x64\debug\utils_dpcpp.tlog\dpcpp-cl-clang-cl-clang-offload-bundler.6656.write.1.tlog
d:\dev\campaign_dpcpp\utils_cuda\migration\x64\debug\utils_dpcpp.tlog\dpcpp-cl-clang-cl-clang-offload-bundler.75472-llvm-objcopy.68792.delete.1.tlog
d:\dev\campaign_dpcpp\utils_cuda\migration\x64\debug\utils_dpcpp.tlog\dpcpp-cl-clang-cl-clang-offload-bundler.75472-llvm-objcopy.68792.read.1.tlog
d:\dev\campaign_dpcpp\utils_cuda\migration\x64\debug\utils_dpcpp.tlog\dpcpp-cl-clang-cl-clang-offload-bundler.75472-llvm-objcopy.68792.write.1.tlog
d:\dev\campaign_dpcpp\utils_cuda\migration\x64\debug\utils_dpcpp.tlog\dpcpp-cl-clang-cl-clang-offload-bundler.75472-llvm-objcopy.delete.1.tlog
d:\dev\campaign_dpcpp\utils_cuda\migration\x64\debug\utils_dpcpp.tlog\dpcpp-cl-clang-cl-clang-offload-bundler.75472-llvm-objcopy.read.1.tlog
d:\dev\campaign_dpcpp\utils_cuda\migration\x64\debug\utils_dpcpp.tlog\dpcpp-cl-clang-cl-clang-offload-bundler.75472-llvm-objcopy.write.1.tlog
d:\dev\campaign_dpcpp\utils_cuda\migration\x64\debug\utils_dpcpp.tlog\dpcpp-cl-clang-cl-clang-offload-bundler.75472.read.1.tlog
d:\dev\campaign_dpcpp\utils_cuda\migration\x64\debug\utils_dpcpp.tlog\dpcpp-cl-clang-cl-clang-offload-bundler.75472.write.1.tlog
d:\dev\campaign_dpcpp\utils_cuda\migration\x64\debug\utils_dpcpp.tlog\dpcpp-cl-clang-cl-clang-offload-bundler.read.1.tlog
d:\dev\campaign_dpcpp\utils_cuda\migration\x64\debug\utils_dpcpp.tlog\dpcpp-cl-clang-cl-clang-offload-bundler.write.1.tlog
d:\dev\campaign_dpcpp\utils_cuda\migration\x64\debug\utils_dpcpp.tlog\dpcpp-cl-clang-cl.10956.delete.1.tlog
d:\dev\campaign_dpcpp\utils_cuda\migration\x64\debug\utils_dpcpp.tlog\dpcpp-cl-clang-cl.10956.read.1.tlog
d:\dev\campaign_dpcpp\utils_cuda\migration\x64\debug\utils_dpcpp.tlog\dpcpp-cl-clang-cl.10956.write.1.tlog
d:\dev\campaign_dpcpp\utils_cuda\migration\x64\debug\utils_dpcpp.tlog\dpcpp-cl-clang-cl.30328.delete.1.tlog
d:\dev\campaign_dpcpp\utils_cuda\migration\x64\debug\utils_dpcpp.tlog\dpcpp-cl-clang-cl.30328.read.1.tlog
d:\dev\campaign_dpcpp\utils_cuda\migration\x64\debug\utils_dpcpp.tlog\dpcpp-cl-clang-cl.30328.write.1.tlog
d:\dev\campaign_dpcpp\utils_cuda\migration\x64\debug\utils_dpcpp.tlog\dpcpp-cl-clang-cl.36756.read.1.tlog
d:\dev\campaign_dpcpp\utils_cuda\migration\x64\debug\utils_dpcpp.tlog\dpcpp-cl-clang-cl.53400.delete.1.tlog
d:\dev\campaign_dpcpp\utils_cuda\migration\x64\debug\utils_dpcpp.tlog\dpcpp-cl-clang-cl.53400.read.1.tlog
d:\dev\campaign_dpcpp\utils_cuda\migration\x64\debug\utils_dpcpp.tlog\dpcpp-cl-clang-cl.53400.write.1.tlog
d:\dev\campaign_dpcpp\utils_cuda\migration\x64\debug\utils_dpcpp.tlog\dpcpp-cl-clang-cl.71936.delete.1.tlog
d:\dev\campaign_dpcpp\utils_cuda\migration\x64\debug\utils_dpcpp.tlog\dpcpp-cl-clang-cl.71936.read.1.tlog
d:\dev\campaign_dpcpp\utils_cuda\migration\x64\debug\utils_dpcpp.tlog\dpcpp-cl-clang-cl.71936.write.1.tlog
d:\dev\campaign_dpcpp\utils_cuda\migration\x64\debug\utils_dpcpp.tlog\dpcpp-cl-clang-cl.76248.delete.1.tlog
d:\dev\campaign_dpcpp\utils_cuda\migration\x64\debug\utils_dpcpp.tlog\dpcpp-cl-clang-cl.76248.read.1.tlog
d:\dev\campaign_dpcpp\utils_cuda\migration\x64\debug\utils_dpcpp.tlog\dpcpp-cl-clang-cl.76248.write.1.tlog
d:\dev\campaign_dpcpp\utils_cuda\migration\x64\debug\utils_dpcpp.tlog\dpcpp-cl-clang-cl.77220.read.1.tlog
d:\dev\campaign_dpcpp\utils_cuda\migration\x64\debug\utils_dpcpp.tlog\dpcpp-cl-clang-cl.77904.delete.1.tlog
d:\dev\campaign_dpcpp\utils_cuda\migration\x64\debug\utils_dpcpp.tlog\dpcpp-cl-clang-cl.77904.read.1.tlog
d:\dev\campaign_dpcpp\utils_cuda\migration\x64\debug\utils_dpcpp.tlog\dpcpp-cl-clang-cl.77904.write.1.tlog
d:\dev\campaign_dpcpp\utils_cuda\migration\x64\debug\utils_dpcpp.tlog\dpcpp-cl-clang-cl.78168.delete.1.tlog
d:\dev\campaign_dpcpp\utils_cuda\migration\x64\debug\utils_dpcpp.tlog\dpcpp-cl-clang-cl.78168.read.1.tlog
d:\dev\campaign_dpcpp\utils_cuda\migration\x64\debug\utils_dpcpp.tlog\dpcpp-cl-clang-cl.78168.write.1.tlog
d:\dev\campaign_dpcpp\utils_cuda\migration\x64\debug\utils_dpcpp.tlog\dpcpp-cl-clang-cl.79584.read.1.tlog
d:\dev\campaign_dpcpp\utils_cuda\migration\x64\debug\utils_dpcpp.tlog\dpcpp-cl-clang-cl.81132.read.1.tlog
d:\dev\campaign_dpcpp\utils_cuda\migration\x64\debug\utils_dpcpp.tlog\dpcpp-cl-clang-cl.81132.read.2.tlog
d:\dev\campaign_dpcpp\utils_cuda\migration\x64\debug\utils_dpcpp.tlog\dpcpp-cl-clang-cl.81132.write.1.tlog
d:\dev\campaign_dpcpp\utils_cuda\migration\x64\debug\utils_dpcpp.tlog\dpcpp-cl-clang-cl.81132.write.2.tlog
d:\dev\campaign_dpcpp\utils_cuda\migration\x64\debug\utils_dpcpp.tlog\dpcpp-cl-clang-cl.82068.read.1.tlog
d:\dev\campaign_dpcpp\utils_cuda\migration\x64\debug\utils_dpcpp.tlog\dpcpp-cl-clang-cl.82084.delete.1.tlog
d:\dev\campaign_dpcpp\utils_cuda\migration\x64\debug\utils_dpcpp.tlog\dpcpp-cl-clang-cl.82084.read.1.tlog
d:\dev\campaign_dpcpp\utils_cuda\migration\x64\debug\utils_dpcpp.tlog\dpcpp-cl-clang-cl.82084.write.1.tlog
d:\dev\campaign_dpcpp\utils_cuda\migration\x64\debug\utils_dpcpp.tlog\dpcpp-cl-clang-cl.82940.delete.1.tlog
d:\dev\campaign_dpcpp\utils_cuda\migration\x64\debug\utils_dpcpp.tlog\dpcpp-cl-clang-cl.82940.read.1.tlog
d:\dev\campaign_dpcpp\utils_cuda\migration\x64\debug\utils_dpcpp.tlog\dpcpp-cl-clang-cl.82940.write.1.tlog
d:\dev\campaign_dpcpp\utils_cuda\migration\x64\debug\utils_dpcpp.tlog\dpcpp-cl-clang-cl.90444.delete.1.tlog
d:\dev\campaign_dpcpp\utils_cuda\migration\x64\debug\utils_dpcpp.tlog\dpcpp-cl-clang-cl.90444.read.1.tlog
d:\dev\campaign_dpcpp\utils_cuda\migration\x64\debug\utils_dpcpp.tlog\dpcpp-cl-clang-cl.90444.write.1.tlog
d:\dev\campaign_dpcpp\utils_cuda\migration\x64\debug\utils_dpcpp.tlog\dpcpp-cl-clang-cl.93212.read.1.tlog
d:\dev\campaign_dpcpp\utils_cuda\migration\x64\debug\utils_dpcpp.tlog\dpcpp-cl-clang-cl.read.1.tlog
d:\dev\campaign_dpcpp\utils_cuda\migration\x64\debug\utils_dpcpp.tlog\dpcpp-cl-clang-cl.write.1.tlog
d:\dev\campaign_dpcpp\utils_cuda\migration\x64\debug\utils_dpcpp.tlog\dpcpp-cl.read.1.tlog
d:\dev\campaign_dpcpp\utils_cuda\migration\x64\debug\utils_dpcpp.tlog\dpcpp.command.1.tlog
d:\dev\campaign_dpcpp\utils_cuda\migration\x64\debug\utils_dpcpp.tlog\lib-link.read.1.tlog
d:\dev\campaign_dpcpp\utils_cuda\migration\x64\debug\utils_dpcpp.tlog\lib-link.write.1.tlog
d:\dev\campaign_dpcpp\utils_cuda\migration\x64\debug\utils_dpcpp.tlog\lib.command.1.tlog
